#
# There is insufficient memory for the Java Runtime Environment to continue.
# Native memory allocation (malloc) failed to allocate 1077856 bytes for Chunk::new
# Possible reasons:
#   The system is out of physical RAM or swap space
#   The process is running with CompressedOops enabled, and the Java Heap may be blocking the growth of the native heap
# Possible solutions:
#   Reduce memory load on the system
#   Increase physical memory or swap space
#   Check if swap backing store is full
#   Decrease Java heap size (-Xmx/-Xms)
#   Decrease number of Java threads
#   Decrease Java thread stack sizes (-Xss)
#   Set larger code cache with -XX:ReservedCodeCacheSize=
#   JVM is running with Unscaled Compressed Oops mode in which the Java heap is
#     placed in the first 4GB address space. The Java Heap base address is the
#     maximum limit for the native heap growth. Please use -XX:HeapBaseMinAddress
#     to set the Java Heap base and to place the Java Heap above 4GB virtual address.
# This output file may be truncated or incomplete.
#
#  Out of Memory Error (arena.cpp:189), pid=11584, tid=2220
#
# JRE version: Java(TM) SE Runtime Environment (17.0.8+9) (build 17.0.8+9-LTS-211)
# Java VM: Java HotSpot(TM) 64-Bit Server VM (17.0.8+9-LTS-211, mixed mode, sharing, tiered, compressed oops, compressed class ptrs, g1 gc, windows-amd64)
# No core dump will be written. Minidumps are not enabled by default on client versions of Windows
#

---------------  S U M M A R Y ------------

Command Line: --add-opens=java.base/java.util=ALL-UNNAMED --add-opens=java.base/java.lang=ALL-UNNAMED --add-opens=java.base/java.lang.invoke=ALL-UNNAMED --add-opens=java.prefs/java.util.prefs=ALL-UNNAMED --add-opens=java.base/java.nio.charset=ALL-UNNAMED --add-opens=java.base/java.net=ALL-UNNAMED --add-opens=java.base/java.util.concurrent.atomic=ALL-UNNAMED -XX:MaxMetaspaceSize=384m -XX:+HeapDumpOnOutOfMemoryError -Xms256m -Xmx512m -Dfile.encoding=windows-1252 -Duser.country=BR -Duser.language=pt -Duser.variant -javaagent:C:\Users\itama\.gradle\wrapper\dists\gradle-8.2.1-bin\5hap6b9n41hkg4jeh2au2pllh\gradle-8.2.1\lib\agents\gradle-instrumentation-agent-8.2.1.jar org.gradle.launcher.daemon.bootstrap.GradleDaemon 8.2.1

Host: Intel(R) Core(TM) i5-7200U CPU @ 2.50GHz, 4 cores, 7G,  Windows 10 , 64 bit Build 19041 (10.0.19041.3155)
Time: Wed Aug 30 19:10:13 2023 Hora oficial do Brasil elapsed time: 14.319722 seconds (0d 0h 0m 14s)

---------------  T H R E A D  ---------------

Current thread (0x0000025460f71ca0):  JavaThread "C2 CompilerThread0" daemon [_thread_in_native, id=2220, stack(0x0000006fb8c00000,0x0000006fb8d00000)]


Current CompileTask:
C2:  14319 4288   !   4       java.lang.ClassLoader::loadClass (121 bytes)

Stack: [0x0000006fb8c00000,0x0000006fb8d00000]
Native frames: (J=compiled Java code, j=interpreted, Vv=VM code, C=native code)
V  [jvm.dll+0x677d0a]
V  [jvm.dll+0x7d8c54]
V  [jvm.dll+0x7da3fe]
V  [jvm.dll+0x7daa63]
V  [jvm.dll+0x245c5f]
V  [jvm.dll+0xaaa6b]
V  [jvm.dll+0xab00c]
V  [jvm.dll+0x2ab5cf]
V  [jvm.dll+0x580435]
V  [jvm.dll+0x220b22]
V  [jvm.dll+0x220eff]
V  [jvm.dll+0x219e56]
V  [jvm.dll+0x217329]
V  [jvm.dll+0x1a3af0]
V  [jvm.dll+0x2270be]
V  [jvm.dll+0x22535b]
V  [jvm.dll+0x78e7bc]
V  [jvm.dll+0x788bba]
V  [jvm.dll+0x676b35]
C  [ucrtbase.dll+0x21bb2]
C  [KERNEL32.DLL+0x17614]
C  [ntdll.dll+0x526b1]


---------------  P R O C E S S  ---------------

Threads class SMR info:
_java_thread_list=0x000002547c4b8250, length=40, elements={
0x0000025446edf610, 0x0000025460f440e0, 0x0000025460f46e70, 0x0000025460f5efd0,
0x0000025460f5fbf0, 0x0000025460f606b0, 0x0000025460f63380, 0x0000025460f71ca0,
0x0000025460f86860, 0x0000025460fd8100, 0x0000025460f2f9a0, 0x000002547a29d7c0,
0x000002547c2fdb40, 0x000002547bc7bf20, 0x000002547c7a63c0, 0x000002547b826c60,
0x000002547b827130, 0x000002547b25ecf0, 0x000002547ba7cfa0, 0x000002547bc341e0,
0x000002547b952bd0, 0x000002547b952230, 0x000002547b950a20, 0x000002547b953a40,
0x000002547b950ef0, 0x000002547b9513c0, 0x000002547b952700, 0x000002547b9530a0,
0x000002547b951890, 0x000002547b951d60, 0x000002547b953570, 0x000002547b9543e0,
0x000002547ae948e0, 0x000002547ae95280, 0x000002547ae92c00, 0x000002547ae92730,
0x000002547ae930d0, 0x000002547ae935a0, 0x0000025460f85930, 0x000002547ae94410
}

Java Threads: ( => current thread )
  0x0000025446edf610 JavaThread "main" [_thread_blocked, id=11168, stack(0x0000006fb7f00000,0x0000006fb8000000)]
  0x0000025460f440e0 JavaThread "Reference Handler" daemon [_thread_blocked, id=11200, stack(0x0000006fb8600000,0x0000006fb8700000)]
  0x0000025460f46e70 JavaThread "Finalizer" daemon [_thread_blocked, id=272, stack(0x0000006fb8700000,0x0000006fb8800000)]
  0x0000025460f5efd0 JavaThread "Signal Dispatcher" daemon [_thread_blocked, id=648, stack(0x0000006fb8800000,0x0000006fb8900000)]
  0x0000025460f5fbf0 JavaThread "Attach Listener" daemon [_thread_blocked, id=7496, stack(0x0000006fb8900000,0x0000006fb8a00000)]
  0x0000025460f606b0 JavaThread "Service Thread" daemon [_thread_blocked, id=12144, stack(0x0000006fb8a00000,0x0000006fb8b00000)]
  0x0000025460f63380 JavaThread "Monitor Deflation Thread" daemon [_thread_blocked, id=9776, stack(0x0000006fb8b00000,0x0000006fb8c00000)]
=>0x0000025460f71ca0 JavaThread "C2 CompilerThread0" daemon [_thread_in_native, id=2220, stack(0x0000006fb8c00000,0x0000006fb8d00000)]
  0x0000025460f86860 JavaThread "C1 CompilerThread0" daemon [_thread_blocked, id=1892, stack(0x0000006fb8d00000,0x0000006fb8e00000)]
  0x0000025460fd8100 JavaThread "Sweeper thread" daemon [_thread_blocked, id=2116, stack(0x0000006fb8e00000,0x0000006fb8f00000)]
  0x0000025460f2f9a0 JavaThread "Common-Cleaner" daemon [_thread_blocked, id=8572, stack(0x0000006fb8f00000,0x0000006fb9000000)]
  0x000002547a29d7c0 JavaThread "Notification Thread" daemon [_thread_blocked, id=2096, stack(0x0000006fb9000000,0x0000006fb9100000)]
  0x000002547c2fdb40 JavaThread "Daemon health stats" [_thread_blocked, id=196, stack(0x0000006fb9600000,0x0000006fb9700000)]
  0x000002547bc7bf20 JavaThread "Incoming local TCP Connector on port 55005" [_thread_in_native, id=5428, stack(0x0000006fb9200000,0x0000006fb9300000)]
  0x000002547c7a63c0 JavaThread "Daemon periodic checks" [_thread_blocked, id=2560, stack(0x0000006fb9700000,0x0000006fb9800000)]
  0x000002547b826c60 JavaThread "Daemon" [_thread_blocked, id=6664, stack(0x0000006fb9800000,0x0000006fb9900000)]
  0x000002547b827130 JavaThread "Handler for socket connection from /127.0.0.1:55005 to /127.0.0.1:55006" [_thread_in_native, id=7164, stack(0x0000006fb9900000,0x0000006fb9a00000)]
  0x000002547b25ecf0 JavaThread "Cancel handler" [_thread_blocked, id=7932, stack(0x0000006fb9a00000,0x0000006fb9b00000)]
  0x000002547ba7cfa0 JavaThread "Daemon worker" [_thread_in_native, id=7760, stack(0x0000006fb9b00000,0x0000006fb9c00000)]
  0x000002547bc341e0 JavaThread "Asynchronous log dispatcher for DefaultDaemonConnection: socket connection from /127.0.0.1:55005 to /127.0.0.1:55006" [_thread_blocked, id=6840, stack(0x0000006fb9c00000,0x0000006fb9d00000)]
  0x000002547b952bd0 JavaThread "Stdin handler" [_thread_blocked, id=4612, stack(0x0000006fb9d00000,0x0000006fb9e00000)]
  0x000002547b952230 JavaThread "Daemon client event forwarder" [_thread_blocked, id=1240, stack(0x0000006fb9e00000,0x0000006fb9f00000)]
  0x000002547b950a20 JavaThread "Cache worker for journal cache (C:\Users\itama\.gradle\caches\journal-1)" [_thread_blocked, id=7176, stack(0x0000006fb9f00000,0x0000006fba000000)]
  0x000002547b953a40 JavaThread "File lock request listener" [_thread_in_native, id=2648, stack(0x0000006fba000000,0x0000006fba100000)]
  0x000002547b950ef0 JavaThread "Cache worker for file hash cache (C:\Users\itama\.gradle\caches\8.2.1\fileHashes)" [_thread_blocked, id=9600, stack(0x0000006fba100000,0x0000006fba200000)]
  0x000002547b9513c0 JavaThread "File watcher server" daemon [_thread_in_native, id=4548, stack(0x0000006fba200000,0x0000006fba300000)]
  0x000002547b952700 JavaThread "File watcher consumer" daemon [_thread_blocked, id=9144, stack(0x0000006fba300000,0x0000006fba400000)]
  0x000002547b9530a0 JavaThread "Cache worker for checksums cache (C:\Users\itama\Documents\Projetos Docker\comunicacao-microsservicos\product-api\.gradle\8.2.1\checksums)" [_thread_blocked, id=11044, stack(0x0000006fba400000,0x0000006fba500000)]
  0x000002547b951890 JavaThread "Cache worker for cache directory md-rule (C:\Users\itama\.gradle\caches\8.2.1\md-rule)" [_thread_blocked, id=7612, stack(0x0000006fba500000,0x0000006fba600000)]
  0x000002547b951d60 JavaThread "Cache worker for file content cache (C:\Users\itama\.gradle\caches\8.2.1\fileContent)" [_thread_blocked, id=1520, stack(0x0000006fba600000,0x0000006fba700000)]
  0x000002547b953570 JavaThread "Cache worker for file hash cache (C:\Users\itama\Documents\Projetos Docker\comunicacao-microsservicos\product-api\.gradle\8.2.1\fileHashes)" [_thread_blocked, id=6396, stack(0x0000006fba700000,0x0000006fba800000)]
  0x000002547b9543e0 JavaThread "Cache worker for cache directory md-supplier (C:\Users\itama\.gradle\caches\8.2.1\md-supplier)" [_thread_blocked, id=6460, stack(0x0000006fba800000,0x0000006fba900000)]
  0x000002547ae948e0 JavaThread "Cache worker for execution history cache (C:\Users\itama\.gradle\caches\8.2.1\executionHistory)" [_thread_blocked, id=10312, stack(0x0000006fba900000,0x0000006fbaa00000)]
  0x000002547ae95280 JavaThread "jar transforms" [_thread_blocked, id=12112, stack(0x0000006fbab00000,0x0000006fbac00000)]
  0x000002547ae92c00 JavaThread "jar transforms Thread 2" [_thread_blocked, id=7780, stack(0x0000006fbac00000,0x0000006fbad00000)]
  0x000002547ae92730 JavaThread "jar transforms Thread 3" [_thread_blocked, id=11008, stack(0x0000006fbad00000,0x0000006fbae00000)]
  0x000002547ae930d0 JavaThread "jar transforms Thread 4" [_thread_blocked, id=9124, stack(0x0000006fbae00000,0x0000006fbaf00000)]
  0x000002547ae935a0 JavaThread "Cache worker for dependencies-accessors (C:\Users\itama\Documents\Projetos Docker\comunicacao-microsservicos\product-api\.gradle\8.2.1\dependencies-accessors)" [_thread_blocked, id=11060, stack(0x0000006fbaf00000,0x0000006fbb000000)]
  0x0000025460f85930 JavaThread "C2 CompilerThread1" daemon [_thread_in_native, id=8620, stack(0x0000006fbb200000,0x0000006fbb300000)]
  0x000002547ae94410 JavaThread "Cache worker for Build Output Cleanup Cache (C:\Users\itama\Documents\Projetos Docker\comunicacao-microsservicos\product-api\.gradle\buildOutputCleanup)" [_thread_blocked, id=4276, stack(0x0000006fbb300000,0x0000006fbb400000)]

Other Threads:
  0x0000025460f401e0 VMThread "VM Thread" [stack: 0x0000006fb8500000,0x0000006fb8600000] [id=9488]
  0x0000025446f1bd10 WatcherThread [stack: 0x0000006fb9100000,0x0000006fb9200000] [id=10360]
  0x0000025446f0d960 GCTaskThread "GC Thread#0" [stack: 0x0000006fb8000000,0x0000006fb8100000] [id=4336]
  0x000002547a7366a0 GCTaskThread "GC Thread#1" [stack: 0x0000006fb9300000,0x0000006fb9400000] [id=2008]
  0x000002547a47dd70 GCTaskThread "GC Thread#2" [stack: 0x0000006fb9400000,0x0000006fb9500000] [id=7700]
  0x000002547a47e020 GCTaskThread "GC Thread#3" [stack: 0x0000006fb9500000,0x0000006fb9600000] [id=9604]
  0x0000025446f137c0 ConcurrentGCThread "G1 Main Marker" [stack: 0x0000006fb8100000,0x0000006fb8200000] [id=8132]
  0x0000025446f140e0 ConcurrentGCThread "G1 Conc#0" [stack: 0x0000006fb8200000,0x0000006fb8300000] [id=7220]
  0x0000025446fbdc30 ConcurrentGCThread "G1 Refine#0" [stack: 0x0000006fb8300000,0x0000006fb8400000] [id=8980]
  0x000002547be60940 ConcurrentGCThread "G1 Refine#1" [stack: 0x0000006fbaa00000,0x0000006fbab00000] [id=9440]
  0x000002547be611e0 ConcurrentGCThread "G1 Refine#2" [stack: 0x0000006fbb000000,0x0000006fbb100000] [id=224]
  0x000002547be60c20 ConcurrentGCThread "G1 Refine#3" [stack: 0x0000006fbb100000,0x0000006fbb200000] [id=12220]
  0x0000025446fbe560 ConcurrentGCThread "G1 Service" [stack: 0x0000006fb8400000,0x0000006fb8500000] [id=1796]

Threads with active compile tasks:
C2 CompilerThread0    14456 4288   !   4       java.lang.ClassLoader::loadClass (121 bytes)
C2 CompilerThread1    14456 4334       4       org.gradle.internal.reflect.MethodSet::add (50 bytes)

VM state: not at safepoint (normal execution)

VM Mutex/Monitor currently owned by a thread: None

Heap address: 0x00000000e0000000, size: 512 MB, Compressed Oops mode: 32-bit

CDS archive(s) mapped at: [0x0000025461000000-0x0000025461bd0000-0x0000025461bd0000), size 12386304, SharedBaseAddress: 0x0000025461000000, ArchiveRelocationMode: 1.
Compressed class space mapped at: 0x0000025462000000-0x0000025476000000, reserved size: 335544320
Narrow klass base: 0x0000025461000000, Narrow klass shift: 0, Narrow klass range: 0x100000000

GC Precious Log:
 CPUs: 4 total, 4 available
 Memory: 8057M
 Large Page Support: Disabled
 NUMA Support: Disabled
 Compressed Oops: Enabled (32-bit)
 Heap Region Size: 1M
 Heap Min Capacity: 256M
 Heap Initial Capacity: 256M
 Heap Max Capacity: 512M
 Pre-touch: Disabled
 Parallel Workers: 4
 Concurrent Workers: 1
 Concurrent Refinement Workers: 4
 Periodic GC: Disabled

Heap:
 garbage-first heap   total 262144K, used 72893K [0x00000000e0000000, 0x0000000100000000)
  region size 1024K, 41 young (41984K), 1 survivors (1024K)
 Metaspace       used 40676K, committed 41024K, reserved 393216K
  class space    used 5674K, committed 5824K, reserved 327680K

Heap Regions: E=young(eden), S=young(survivor), O=old, HS=humongous(starts), HC=humongous(continues), CS=collection set, F=free, OA=open archive, CA=closed archive, TAMS=top-at-mark-start (previous, next)
|   0|0x00000000e0000000, 0x00000000e0100000, 0x00000000e0100000|100%| O|  |TAMS 0x00000000e0100000, 0x00000000e0000000| Untracked 
|   1|0x00000000e0100000, 0x00000000e0200000, 0x00000000e0200000|100%| O|  |TAMS 0x00000000e0200000, 0x00000000e0100000| Untracked 
|   2|0x00000000e0200000, 0x00000000e0300000, 0x00000000e0300000|100%|HS|  |TAMS 0x00000000e0300000, 0x00000000e0200000| Complete 
|   3|0x00000000e0300000, 0x00000000e0400000, 0x00000000e0400000|100%|HC|  |TAMS 0x00000000e0400000, 0x00000000e0300000| Complete 
|   4|0x00000000e0400000, 0x00000000e0500000, 0x00000000e0500000|100%|HC|  |TAMS 0x00000000e0500000, 0x00000000e0400000| Complete 
|   5|0x00000000e0500000, 0x00000000e0600000, 0x00000000e0600000|100%|HC|  |TAMS 0x00000000e0600000, 0x00000000e0500000| Complete 
|   6|0x00000000e0600000, 0x00000000e0700000, 0x00000000e0700000|100%| O|  |TAMS 0x00000000e0700000, 0x00000000e0600000| Untracked 
|   7|0x00000000e0700000, 0x00000000e0800000, 0x00000000e0800000|100%|HS|  |TAMS 0x00000000e0800000, 0x00000000e0700000| Complete 
|   8|0x00000000e0800000, 0x00000000e0900000, 0x00000000e0900000|100%| O|  |TAMS 0x00000000e0900000, 0x00000000e0800000| Untracked 
|   9|0x00000000e0900000, 0x00000000e0a00000, 0x00000000e0a00000|100%| O|  |TAMS 0x00000000e0a00000, 0x00000000e0900000| Untracked 
|  10|0x00000000e0a00000, 0x00000000e0b00000, 0x00000000e0b00000|100%| O|  |TAMS 0x00000000e0b00000, 0x00000000e0a00000| Untracked 
|  11|0x00000000e0b00000, 0x00000000e0c00000, 0x00000000e0c00000|100%| O|  |TAMS 0x00000000e0c00000, 0x00000000e0b00000| Untracked 
|  12|0x00000000e0c00000, 0x00000000e0d00000, 0x00000000e0d00000|100%| O|  |TAMS 0x00000000e0d00000, 0x00000000e0c00000| Untracked 
|  13|0x00000000e0d00000, 0x00000000e0e00000, 0x00000000e0e00000|100%| O|  |TAMS 0x00000000e0e00000, 0x00000000e0d00000| Untracked 
|  14|0x00000000e0e00000, 0x00000000e0f00000, 0x00000000e0f00000|100%| O|  |TAMS 0x00000000e0f00000, 0x00000000e0e00000| Untracked 
|  15|0x00000000e0f00000, 0x00000000e1000000, 0x00000000e1000000|100%| O|  |TAMS 0x00000000e1000000, 0x00000000e0f00000| Untracked 
|  16|0x00000000e1000000, 0x00000000e1100000, 0x00000000e1100000|100%| O|  |TAMS 0x00000000e1100000, 0x00000000e1000000| Untracked 
|  17|0x00000000e1100000, 0x00000000e1200000, 0x00000000e1200000|100%| O|  |TAMS 0x00000000e1200000, 0x00000000e1100000| Untracked 
|  18|0x00000000e1200000, 0x00000000e1300000, 0x00000000e1300000|100%| O|  |TAMS 0x00000000e1300000, 0x00000000e1200000| Untracked 
|  19|0x00000000e1300000, 0x00000000e1400000, 0x00000000e1400000|100%| O|  |TAMS 0x00000000e1400000, 0x00000000e1300000| Untracked 
|  20|0x00000000e1400000, 0x00000000e1500000, 0x00000000e1500000|100%| O|  |TAMS 0x00000000e1500000, 0x00000000e1400000| Untracked 
|  21|0x00000000e1500000, 0x00000000e1600000, 0x00000000e1600000|100%| O|  |TAMS 0x00000000e1600000, 0x00000000e1500000| Untracked 
|  22|0x00000000e1600000, 0x00000000e1700000, 0x00000000e1700000|100%| O|  |TAMS 0x00000000e1700000, 0x00000000e1600000| Untracked 
|  23|0x00000000e1700000, 0x00000000e1800000, 0x00000000e1800000|100%| O|  |TAMS 0x00000000e1800000, 0x00000000e1700000| Untracked 
|  24|0x00000000e1800000, 0x00000000e1900000, 0x00000000e1900000|100%| O|  |TAMS 0x00000000e1900000, 0x00000000e1800000| Untracked 
|  25|0x00000000e1900000, 0x00000000e1a00000, 0x00000000e1a00000|100%| O|  |TAMS 0x00000000e1a00000, 0x00000000e1900000| Untracked 
|  26|0x00000000e1a00000, 0x00000000e1b00000, 0x00000000e1b00000|100%| O|  |TAMS 0x00000000e1b00000, 0x00000000e1a00000| Untracked 
|  27|0x00000000e1b00000, 0x00000000e1c00000, 0x00000000e1c00000|100%| O|  |TAMS 0x00000000e1c00000, 0x00000000e1b00000| Untracked 
|  28|0x00000000e1c00000, 0x00000000e1d00000, 0x00000000e1d00000|100%| O|  |TAMS 0x00000000e1d00000, 0x00000000e1c00000| Untracked 
|  29|0x00000000e1d00000, 0x00000000e1e00000, 0x00000000e1e00000|100%| O|  |TAMS 0x00000000e1e00000, 0x00000000e1d00000| Untracked 
|  30|0x00000000e1e00000, 0x00000000e1f00000, 0x00000000e1f00000|100%| O|  |TAMS 0x00000000e1f00000, 0x00000000e1e00000| Untracked 
|  31|0x00000000e1f00000, 0x00000000e1fdb200, 0x00000000e2000000| 85%| O|  |TAMS 0x00000000e1fdb200, 0x00000000e1f00000| Untracked 
|  32|0x00000000e2000000, 0x00000000e2000000, 0x00000000e2100000|  0%| F|  |TAMS 0x00000000e2000000, 0x00000000e2000000| Untracked 
|  33|0x00000000e2100000, 0x00000000e2100000, 0x00000000e2200000|  0%| F|  |TAMS 0x00000000e2100000, 0x00000000e2100000| Untracked 
|  34|0x00000000e2200000, 0x00000000e2200000, 0x00000000e2300000|  0%| F|  |TAMS 0x00000000e2200000, 0x00000000e2200000| Untracked 
|  35|0x00000000e2300000, 0x00000000e2300000, 0x00000000e2400000|  0%| F|  |TAMS 0x00000000e2300000, 0x00000000e2300000| Untracked 
|  36|0x00000000e2400000, 0x00000000e2400000, 0x00000000e2500000|  0%| F|  |TAMS 0x00000000e2400000, 0x00000000e2400000| Untracked 
|  37|0x00000000e2500000, 0x00000000e2500000, 0x00000000e2600000|  0%| F|  |TAMS 0x00000000e2500000, 0x00000000e2500000| Untracked 
|  38|0x00000000e2600000, 0x00000000e2600000, 0x00000000e2700000|  0%| F|  |TAMS 0x00000000e2600000, 0x00000000e2600000| Untracked 
|  39|0x00000000e2700000, 0x00000000e2700000, 0x00000000e2800000|  0%| F|  |TAMS 0x00000000e2700000, 0x00000000e2700000| Untracked 
|  40|0x00000000e2800000, 0x00000000e2800000, 0x00000000e2900000|  0%| F|  |TAMS 0x00000000e2800000, 0x00000000e2800000| Untracked 
|  41|0x00000000e2900000, 0x00000000e2900000, 0x00000000e2a00000|  0%| F|  |TAMS 0x00000000e2900000, 0x00000000e2900000| Untracked 
|  42|0x00000000e2a00000, 0x00000000e2a00000, 0x00000000e2b00000|  0%| F|  |TAMS 0x00000000e2a00000, 0x00000000e2a00000| Untracked 
|  43|0x00000000e2b00000, 0x00000000e2b00000, 0x00000000e2c00000|  0%| F|  |TAMS 0x00000000e2b00000, 0x00000000e2b00000| Untracked 
|  44|0x00000000e2c00000, 0x00000000e2c00000, 0x00000000e2d00000|  0%| F|  |TAMS 0x00000000e2c00000, 0x00000000e2c00000| Untracked 
|  45|0x00000000e2d00000, 0x00000000e2d00000, 0x00000000e2e00000|  0%| F|  |TAMS 0x00000000e2d00000, 0x00000000e2d00000| Untracked 
|  46|0x00000000e2e00000, 0x00000000e2e00000, 0x00000000e2f00000|  0%| F|  |TAMS 0x00000000e2e00000, 0x00000000e2e00000| Untracked 
|  47|0x00000000e2f00000, 0x00000000e2f00000, 0x00000000e3000000|  0%| F|  |TAMS 0x00000000e2f00000, 0x00000000e2f00000| Untracked 
|  48|0x00000000e3000000, 0x00000000e3000000, 0x00000000e3100000|  0%| F|  |TAMS 0x00000000e3000000, 0x00000000e3000000| Untracked 
|  49|0x00000000e3100000, 0x00000000e3100000, 0x00000000e3200000|  0%| F|  |TAMS 0x00000000e3100000, 0x00000000e3100000| Untracked 
|  50|0x00000000e3200000, 0x00000000e3200000, 0x00000000e3300000|  0%| F|  |TAMS 0x00000000e3200000, 0x00000000e3200000| Untracked 
|  51|0x00000000e3300000, 0x00000000e3300000, 0x00000000e3400000|  0%| F|  |TAMS 0x00000000e3300000, 0x00000000e3300000| Untracked 
|  52|0x00000000e3400000, 0x00000000e3400000, 0x00000000e3500000|  0%| F|  |TAMS 0x00000000e3400000, 0x00000000e3400000| Untracked 
|  53|0x00000000e3500000, 0x00000000e3500000, 0x00000000e3600000|  0%| F|  |TAMS 0x00000000e3500000, 0x00000000e3500000| Untracked 
|  54|0x00000000e3600000, 0x00000000e3600000, 0x00000000e3700000|  0%| F|  |TAMS 0x00000000e3600000, 0x00000000e3600000| Untracked 
|  55|0x00000000e3700000, 0x00000000e3700000, 0x00000000e3800000|  0%| F|  |TAMS 0x00000000e3700000, 0x00000000e3700000| Untracked 
|  56|0x00000000e3800000, 0x00000000e3800000, 0x00000000e3900000|  0%| F|  |TAMS 0x00000000e3800000, 0x00000000e3800000| Untracked 
|  57|0x00000000e3900000, 0x00000000e3900000, 0x00000000e3a00000|  0%| F|  |TAMS 0x00000000e3900000, 0x00000000e3900000| Untracked 
|  58|0x00000000e3a00000, 0x00000000e3a00000, 0x00000000e3b00000|  0%| F|  |TAMS 0x00000000e3a00000, 0x00000000e3a00000| Untracked 
|  59|0x00000000e3b00000, 0x00000000e3b00000, 0x00000000e3c00000|  0%| F|  |TAMS 0x00000000e3b00000, 0x00000000e3b00000| Untracked 
|  60|0x00000000e3c00000, 0x00000000e3c00000, 0x00000000e3d00000|  0%| F|  |TAMS 0x00000000e3c00000, 0x00000000e3c00000| Untracked 
|  61|0x00000000e3d00000, 0x00000000e3d00000, 0x00000000e3e00000|  0%| F|  |TAMS 0x00000000e3d00000, 0x00000000e3d00000| Untracked 
|  62|0x00000000e3e00000, 0x00000000e3e00000, 0x00000000e3f00000|  0%| F|  |TAMS 0x00000000e3e00000, 0x00000000e3e00000| Untracked 
|  63|0x00000000e3f00000, 0x00000000e3f00000, 0x00000000e4000000|  0%| F|  |TAMS 0x00000000e3f00000, 0x00000000e3f00000| Untracked 
|  64|0x00000000e4000000, 0x00000000e4000000, 0x00000000e4100000|  0%| F|  |TAMS 0x00000000e4000000, 0x00000000e4000000| Untracked 
|  65|0x00000000e4100000, 0x00000000e4100000, 0x00000000e4200000|  0%| F|  |TAMS 0x00000000e4100000, 0x00000000e4100000| Untracked 
|  66|0x00000000e4200000, 0x00000000e4200000, 0x00000000e4300000|  0%| F|  |TAMS 0x00000000e4200000, 0x00000000e4200000| Untracked 
|  67|0x00000000e4300000, 0x00000000e4300000, 0x00000000e4400000|  0%| F|  |TAMS 0x00000000e4300000, 0x00000000e4300000| Untracked 
|  68|0x00000000e4400000, 0x00000000e4400000, 0x00000000e4500000|  0%| F|  |TAMS 0x00000000e4400000, 0x00000000e4400000| Untracked 
|  69|0x00000000e4500000, 0x00000000e4500000, 0x00000000e4600000|  0%| F|  |TAMS 0x00000000e4500000, 0x00000000e4500000| Untracked 
|  70|0x00000000e4600000, 0x00000000e4600000, 0x00000000e4700000|  0%| F|  |TAMS 0x00000000e4600000, 0x00000000e4600000| Untracked 
|  71|0x00000000e4700000, 0x00000000e4700000, 0x00000000e4800000|  0%| F|  |TAMS 0x00000000e4700000, 0x00000000e4700000| Untracked 
|  72|0x00000000e4800000, 0x00000000e4800000, 0x00000000e4900000|  0%| F|  |TAMS 0x00000000e4800000, 0x00000000e4800000| Untracked 
|  73|0x00000000e4900000, 0x00000000e4900000, 0x00000000e4a00000|  0%| F|  |TAMS 0x00000000e4900000, 0x00000000e4900000| Untracked 
|  74|0x00000000e4a00000, 0x00000000e4a00000, 0x00000000e4b00000|  0%| F|  |TAMS 0x00000000e4a00000, 0x00000000e4a00000| Untracked 
|  75|0x00000000e4b00000, 0x00000000e4b00000, 0x00000000e4c00000|  0%| F|  |TAMS 0x00000000e4b00000, 0x00000000e4b00000| Untracked 
|  76|0x00000000e4c00000, 0x00000000e4c00000, 0x00000000e4d00000|  0%| F|  |TAMS 0x00000000e4c00000, 0x00000000e4c00000| Untracked 
|  77|0x00000000e4d00000, 0x00000000e4d00000, 0x00000000e4e00000|  0%| F|  |TAMS 0x00000000e4d00000, 0x00000000e4d00000| Untracked 
|  78|0x00000000e4e00000, 0x00000000e4e00000, 0x00000000e4f00000|  0%| F|  |TAMS 0x00000000e4e00000, 0x00000000e4e00000| Untracked 
|  79|0x00000000e4f00000, 0x00000000e4f00000, 0x00000000e5000000|  0%| F|  |TAMS 0x00000000e4f00000, 0x00000000e4f00000| Untracked 
|  80|0x00000000e5000000, 0x00000000e5000000, 0x00000000e5100000|  0%| F|  |TAMS 0x00000000e5000000, 0x00000000e5000000| Untracked 
|  81|0x00000000e5100000, 0x00000000e5100000, 0x00000000e5200000|  0%| F|  |TAMS 0x00000000e5100000, 0x00000000e5100000| Untracked 
|  82|0x00000000e5200000, 0x00000000e5200000, 0x00000000e5300000|  0%| F|  |TAMS 0x00000000e5200000, 0x00000000e5200000| Untracked 
|  83|0x00000000e5300000, 0x00000000e5300000, 0x00000000e5400000|  0%| F|  |TAMS 0x00000000e5300000, 0x00000000e5300000| Untracked 
|  84|0x00000000e5400000, 0x00000000e5400000, 0x00000000e5500000|  0%| F|  |TAMS 0x00000000e5400000, 0x00000000e5400000| Untracked 
|  85|0x00000000e5500000, 0x00000000e5500000, 0x00000000e5600000|  0%| F|  |TAMS 0x00000000e5500000, 0x00000000e5500000| Untracked 
|  86|0x00000000e5600000, 0x00000000e5600000, 0x00000000e5700000|  0%| F|  |TAMS 0x00000000e5600000, 0x00000000e5600000| Untracked 
|  87|0x00000000e5700000, 0x00000000e5700000, 0x00000000e5800000|  0%| F|  |TAMS 0x00000000e5700000, 0x00000000e5700000| Untracked 
|  88|0x00000000e5800000, 0x00000000e5800000, 0x00000000e5900000|  0%| F|  |TAMS 0x00000000e5800000, 0x00000000e5800000| Untracked 
|  89|0x00000000e5900000, 0x00000000e5900000, 0x00000000e5a00000|  0%| F|  |TAMS 0x00000000e5900000, 0x00000000e5900000| Untracked 
|  90|0x00000000e5a00000, 0x00000000e5a00000, 0x00000000e5b00000|  0%| F|  |TAMS 0x00000000e5a00000, 0x00000000e5a00000| Untracked 
|  91|0x00000000e5b00000, 0x00000000e5b00000, 0x00000000e5c00000|  0%| F|  |TAMS 0x00000000e5b00000, 0x00000000e5b00000| Untracked 
|  92|0x00000000e5c00000, 0x00000000e5c00000, 0x00000000e5d00000|  0%| F|  |TAMS 0x00000000e5c00000, 0x00000000e5c00000| Untracked 
|  93|0x00000000e5d00000, 0x00000000e5d00000, 0x00000000e5e00000|  0%| F|  |TAMS 0x00000000e5d00000, 0x00000000e5d00000| Untracked 
|  94|0x00000000e5e00000, 0x00000000e5e00000, 0x00000000e5f00000|  0%| F|  |TAMS 0x00000000e5e00000, 0x00000000e5e00000| Untracked 
|  95|0x00000000e5f00000, 0x00000000e5f00000, 0x00000000e6000000|  0%| F|  |TAMS 0x00000000e5f00000, 0x00000000e5f00000| Untracked 
|  96|0x00000000e6000000, 0x00000000e6000000, 0x00000000e6100000|  0%| F|  |TAMS 0x00000000e6000000, 0x00000000e6000000| Untracked 
|  97|0x00000000e6100000, 0x00000000e6100000, 0x00000000e6200000|  0%| F|  |TAMS 0x00000000e6100000, 0x00000000e6100000| Untracked 
|  98|0x00000000e6200000, 0x00000000e6200000, 0x00000000e6300000|  0%| F|  |TAMS 0x00000000e6200000, 0x00000000e6200000| Untracked 
|  99|0x00000000e6300000, 0x00000000e6300000, 0x00000000e6400000|  0%| F|  |TAMS 0x00000000e6300000, 0x00000000e6300000| Untracked 
| 100|0x00000000e6400000, 0x00000000e6400000, 0x00000000e6500000|  0%| F|  |TAMS 0x00000000e6400000, 0x00000000e6400000| Untracked 
| 101|0x00000000e6500000, 0x00000000e6500000, 0x00000000e6600000|  0%| F|  |TAMS 0x00000000e6500000, 0x00000000e6500000| Untracked 
| 102|0x00000000e6600000, 0x00000000e6600000, 0x00000000e6700000|  0%| F|  |TAMS 0x00000000e6600000, 0x00000000e6600000| Untracked 
| 103|0x00000000e6700000, 0x00000000e6700000, 0x00000000e6800000|  0%| F|  |TAMS 0x00000000e6700000, 0x00000000e6700000| Untracked 
| 104|0x00000000e6800000, 0x00000000e6800000, 0x00000000e6900000|  0%| F|  |TAMS 0x00000000e6800000, 0x00000000e6800000| Untracked 
| 105|0x00000000e6900000, 0x00000000e6900000, 0x00000000e6a00000|  0%| F|  |TAMS 0x00000000e6900000, 0x00000000e6900000| Untracked 
| 106|0x00000000e6a00000, 0x00000000e6a00000, 0x00000000e6b00000|  0%| F|  |TAMS 0x00000000e6a00000, 0x00000000e6a00000| Untracked 
| 107|0x00000000e6b00000, 0x00000000e6b00000, 0x00000000e6c00000|  0%| F|  |TAMS 0x00000000e6b00000, 0x00000000e6b00000| Untracked 
| 108|0x00000000e6c00000, 0x00000000e6c00000, 0x00000000e6d00000|  0%| F|  |TAMS 0x00000000e6c00000, 0x00000000e6c00000| Untracked 
| 109|0x00000000e6d00000, 0x00000000e6d00000, 0x00000000e6e00000|  0%| F|  |TAMS 0x00000000e6d00000, 0x00000000e6d00000| Untracked 
| 110|0x00000000e6e00000, 0x00000000e6e00000, 0x00000000e6f00000|  0%| F|  |TAMS 0x00000000e6e00000, 0x00000000e6e00000| Untracked 
| 111|0x00000000e6f00000, 0x00000000e6f00000, 0x00000000e7000000|  0%| F|  |TAMS 0x00000000e6f00000, 0x00000000e6f00000| Untracked 
| 112|0x00000000e7000000, 0x00000000e7000000, 0x00000000e7100000|  0%| F|  |TAMS 0x00000000e7000000, 0x00000000e7000000| Untracked 
| 113|0x00000000e7100000, 0x00000000e7100000, 0x00000000e7200000|  0%| F|  |TAMS 0x00000000e7100000, 0x00000000e7100000| Untracked 
| 114|0x00000000e7200000, 0x00000000e7200000, 0x00000000e7300000|  0%| F|  |TAMS 0x00000000e7200000, 0x00000000e7200000| Untracked 
| 115|0x00000000e7300000, 0x00000000e7300000, 0x00000000e7400000|  0%| F|  |TAMS 0x00000000e7300000, 0x00000000e7300000| Untracked 
| 116|0x00000000e7400000, 0x00000000e7400000, 0x00000000e7500000|  0%| F|  |TAMS 0x00000000e7400000, 0x00000000e7400000| Untracked 
| 117|0x00000000e7500000, 0x00000000e7500000, 0x00000000e7600000|  0%| F|  |TAMS 0x00000000e7500000, 0x00000000e7500000| Untracked 
| 118|0x00000000e7600000, 0x00000000e7600000, 0x00000000e7700000|  0%| F|  |TAMS 0x00000000e7600000, 0x00000000e7600000| Untracked 
| 119|0x00000000e7700000, 0x00000000e7700000, 0x00000000e7800000|  0%| F|  |TAMS 0x00000000e7700000, 0x00000000e7700000| Untracked 
| 120|0x00000000e7800000, 0x00000000e7800000, 0x00000000e7900000|  0%| F|  |TAMS 0x00000000e7800000, 0x00000000e7800000| Untracked 
| 121|0x00000000e7900000, 0x00000000e7900000, 0x00000000e7a00000|  0%| F|  |TAMS 0x00000000e7900000, 0x00000000e7900000| Untracked 
| 122|0x00000000e7a00000, 0x00000000e7a00000, 0x00000000e7b00000|  0%| F|  |TAMS 0x00000000e7a00000, 0x00000000e7a00000| Untracked 
| 123|0x00000000e7b00000, 0x00000000e7b00000, 0x00000000e7c00000|  0%| F|  |TAMS 0x00000000e7b00000, 0x00000000e7b00000| Untracked 
| 124|0x00000000e7c00000, 0x00000000e7c00000, 0x00000000e7d00000|  0%| F|  |TAMS 0x00000000e7c00000, 0x00000000e7c00000| Untracked 
| 125|0x00000000e7d00000, 0x00000000e7d00000, 0x00000000e7e00000|  0%| F|  |TAMS 0x00000000e7d00000, 0x00000000e7d00000| Untracked 
| 126|0x00000000e7e00000, 0x00000000e7e00000, 0x00000000e7f00000|  0%| F|  |TAMS 0x00000000e7e00000, 0x00000000e7e00000| Untracked 
| 127|0x00000000e7f00000, 0x00000000e7f00000, 0x00000000e8000000|  0%| F|  |TAMS 0x00000000e7f00000, 0x00000000e7f00000| Untracked 
| 128|0x00000000e8000000, 0x00000000e8000000, 0x00000000e8100000|  0%| F|  |TAMS 0x00000000e8000000, 0x00000000e8000000| Untracked 
| 129|0x00000000e8100000, 0x00000000e8100000, 0x00000000e8200000|  0%| F|  |TAMS 0x00000000e8100000, 0x00000000e8100000| Untracked 
| 130|0x00000000e8200000, 0x00000000e8200000, 0x00000000e8300000|  0%| F|  |TAMS 0x00000000e8200000, 0x00000000e8200000| Untracked 
| 131|0x00000000e8300000, 0x00000000e8300000, 0x00000000e8400000|  0%| F|  |TAMS 0x00000000e8300000, 0x00000000e8300000| Untracked 
| 132|0x00000000e8400000, 0x00000000e8400000, 0x00000000e8500000|  0%| F|  |TAMS 0x00000000e8400000, 0x00000000e8400000| Untracked 
| 133|0x00000000e8500000, 0x00000000e8500000, 0x00000000e8600000|  0%| F|  |TAMS 0x00000000e8500000, 0x00000000e8500000| Untracked 
| 134|0x00000000e8600000, 0x00000000e8600000, 0x00000000e8700000|  0%| F|  |TAMS 0x00000000e8600000, 0x00000000e8600000| Untracked 
| 135|0x00000000e8700000, 0x00000000e8700000, 0x00000000e8800000|  0%| F|  |TAMS 0x00000000e8700000, 0x00000000e8700000| Untracked 
| 136|0x00000000e8800000, 0x00000000e8800000, 0x00000000e8900000|  0%| F|  |TAMS 0x00000000e8800000, 0x00000000e8800000| Untracked 
| 137|0x00000000e8900000, 0x00000000e8900000, 0x00000000e8a00000|  0%| F|  |TAMS 0x00000000e8900000, 0x00000000e8900000| Untracked 
| 138|0x00000000e8a00000, 0x00000000e8a00000, 0x00000000e8b00000|  0%| F|  |TAMS 0x00000000e8a00000, 0x00000000e8a00000| Untracked 
| 139|0x00000000e8b00000, 0x00000000e8b00000, 0x00000000e8c00000|  0%| F|  |TAMS 0x00000000e8b00000, 0x00000000e8b00000| Untracked 
| 140|0x00000000e8c00000, 0x00000000e8c00000, 0x00000000e8d00000|  0%| F|  |TAMS 0x00000000e8c00000, 0x00000000e8c00000| Untracked 
| 141|0x00000000e8d00000, 0x00000000e8d00000, 0x00000000e8e00000|  0%| F|  |TAMS 0x00000000e8d00000, 0x00000000e8d00000| Untracked 
| 142|0x00000000e8e00000, 0x00000000e8e00000, 0x00000000e8f00000|  0%| F|  |TAMS 0x00000000e8e00000, 0x00000000e8e00000| Untracked 
| 143|0x00000000e8f00000, 0x00000000e8f00000, 0x00000000e9000000|  0%| F|  |TAMS 0x00000000e8f00000, 0x00000000e8f00000| Untracked 
| 144|0x00000000e9000000, 0x00000000e9000000, 0x00000000e9100000|  0%| F|  |TAMS 0x00000000e9000000, 0x00000000e9000000| Untracked 
| 145|0x00000000e9100000, 0x00000000e9100000, 0x00000000e9200000|  0%| F|  |TAMS 0x00000000e9100000, 0x00000000e9100000| Untracked 
| 146|0x00000000e9200000, 0x00000000e9200000, 0x00000000e9300000|  0%| F|  |TAMS 0x00000000e9200000, 0x00000000e9200000| Untracked 
| 147|0x00000000e9300000, 0x00000000e9300000, 0x00000000e9400000|  0%| F|  |TAMS 0x00000000e9300000, 0x00000000e9300000| Untracked 
| 148|0x00000000e9400000, 0x00000000e9400000, 0x00000000e9500000|  0%| F|  |TAMS 0x00000000e9400000, 0x00000000e9400000| Untracked 
| 149|0x00000000e9500000, 0x00000000e9500000, 0x00000000e9600000|  0%| F|  |TAMS 0x00000000e9500000, 0x00000000e9500000| Untracked 
| 150|0x00000000e9600000, 0x00000000e9600000, 0x00000000e9700000|  0%| F|  |TAMS 0x00000000e9600000, 0x00000000e9600000| Untracked 
| 151|0x00000000e9700000, 0x00000000e9700000, 0x00000000e9800000|  0%| F|  |TAMS 0x00000000e9700000, 0x00000000e9700000| Untracked 
| 152|0x00000000e9800000, 0x00000000e9800000, 0x00000000e9900000|  0%| F|  |TAMS 0x00000000e9800000, 0x00000000e9800000| Untracked 
| 153|0x00000000e9900000, 0x00000000e9900000, 0x00000000e9a00000|  0%| F|  |TAMS 0x00000000e9900000, 0x00000000e9900000| Untracked 
| 154|0x00000000e9a00000, 0x00000000e9a00000, 0x00000000e9b00000|  0%| F|  |TAMS 0x00000000e9a00000, 0x00000000e9a00000| Untracked 
| 155|0x00000000e9b00000, 0x00000000e9b00000, 0x00000000e9c00000|  0%| F|  |TAMS 0x00000000e9b00000, 0x00000000e9b00000| Untracked 
| 156|0x00000000e9c00000, 0x00000000e9c00000, 0x00000000e9d00000|  0%| F|  |TAMS 0x00000000e9c00000, 0x00000000e9c00000| Untracked 
| 157|0x00000000e9d00000, 0x00000000e9d00000, 0x00000000e9e00000|  0%| F|  |TAMS 0x00000000e9d00000, 0x00000000e9d00000| Untracked 
| 158|0x00000000e9e00000, 0x00000000e9e00000, 0x00000000e9f00000|  0%| F|  |TAMS 0x00000000e9e00000, 0x00000000e9e00000| Untracked 
| 159|0x00000000e9f00000, 0x00000000e9f00000, 0x00000000ea000000|  0%| F|  |TAMS 0x00000000e9f00000, 0x00000000e9f00000| Untracked 
| 160|0x00000000ea000000, 0x00000000ea000000, 0x00000000ea100000|  0%| F|  |TAMS 0x00000000ea000000, 0x00000000ea000000| Untracked 
| 161|0x00000000ea100000, 0x00000000ea100000, 0x00000000ea200000|  0%| F|  |TAMS 0x00000000ea100000, 0x00000000ea100000| Untracked 
| 162|0x00000000ea200000, 0x00000000ea200000, 0x00000000ea300000|  0%| F|  |TAMS 0x00000000ea200000, 0x00000000ea200000| Untracked 
| 163|0x00000000ea300000, 0x00000000ea300000, 0x00000000ea400000|  0%| F|  |TAMS 0x00000000ea300000, 0x00000000ea300000| Untracked 
| 164|0x00000000ea400000, 0x00000000ea400000, 0x00000000ea500000|  0%| F|  |TAMS 0x00000000ea400000, 0x00000000ea400000| Untracked 
| 165|0x00000000ea500000, 0x00000000ea500000, 0x00000000ea600000|  0%| F|  |TAMS 0x00000000ea500000, 0x00000000ea500000| Untracked 
| 166|0x00000000ea600000, 0x00000000ea600000, 0x00000000ea700000|  0%| F|  |TAMS 0x00000000ea600000, 0x00000000ea600000| Untracked 
| 167|0x00000000ea700000, 0x00000000ea700000, 0x00000000ea800000|  0%| F|  |TAMS 0x00000000ea700000, 0x00000000ea700000| Untracked 
| 168|0x00000000ea800000, 0x00000000ea800000, 0x00000000ea900000|  0%| F|  |TAMS 0x00000000ea800000, 0x00000000ea800000| Untracked 
| 169|0x00000000ea900000, 0x00000000ea900000, 0x00000000eaa00000|  0%| F|  |TAMS 0x00000000ea900000, 0x00000000ea900000| Untracked 
| 170|0x00000000eaa00000, 0x00000000eaa00000, 0x00000000eab00000|  0%| F|  |TAMS 0x00000000eaa00000, 0x00000000eaa00000| Untracked 
| 171|0x00000000eab00000, 0x00000000eab00000, 0x00000000eac00000|  0%| F|  |TAMS 0x00000000eab00000, 0x00000000eab00000| Untracked 
| 172|0x00000000eac00000, 0x00000000eac00000, 0x00000000ead00000|  0%| F|  |TAMS 0x00000000eac00000, 0x00000000eac00000| Untracked 
| 173|0x00000000ead00000, 0x00000000ead00000, 0x00000000eae00000|  0%| F|  |TAMS 0x00000000ead00000, 0x00000000ead00000| Untracked 
| 174|0x00000000eae00000, 0x00000000eae00000, 0x00000000eaf00000|  0%| F|  |TAMS 0x00000000eae00000, 0x00000000eae00000| Untracked 
| 175|0x00000000eaf00000, 0x00000000eaf00000, 0x00000000eb000000|  0%| F|  |TAMS 0x00000000eaf00000, 0x00000000eaf00000| Untracked 
| 176|0x00000000eb000000, 0x00000000eb000000, 0x00000000eb100000|  0%| F|  |TAMS 0x00000000eb000000, 0x00000000eb000000| Untracked 
| 177|0x00000000eb100000, 0x00000000eb100000, 0x00000000eb200000|  0%| F|  |TAMS 0x00000000eb100000, 0x00000000eb100000| Untracked 
| 178|0x00000000eb200000, 0x00000000eb200000, 0x00000000eb300000|  0%| F|  |TAMS 0x00000000eb200000, 0x00000000eb200000| Untracked 
| 179|0x00000000eb300000, 0x00000000eb300000, 0x00000000eb400000|  0%| F|  |TAMS 0x00000000eb300000, 0x00000000eb300000| Untracked 
| 180|0x00000000eb400000, 0x00000000eb400000, 0x00000000eb500000|  0%| F|  |TAMS 0x00000000eb400000, 0x00000000eb400000| Untracked 
| 181|0x00000000eb500000, 0x00000000eb500000, 0x00000000eb600000|  0%| F|  |TAMS 0x00000000eb500000, 0x00000000eb500000| Untracked 
| 182|0x00000000eb600000, 0x00000000eb600000, 0x00000000eb700000|  0%| F|  |TAMS 0x00000000eb600000, 0x00000000eb600000| Untracked 
| 183|0x00000000eb700000, 0x00000000eb700000, 0x00000000eb800000|  0%| F|  |TAMS 0x00000000eb700000, 0x00000000eb700000| Untracked 
| 184|0x00000000eb800000, 0x00000000eb800000, 0x00000000eb900000|  0%| F|  |TAMS 0x00000000eb800000, 0x00000000eb800000| Untracked 
| 185|0x00000000eb900000, 0x00000000eb900000, 0x00000000eba00000|  0%| F|  |TAMS 0x00000000eb900000, 0x00000000eb900000| Untracked 
| 186|0x00000000eba00000, 0x00000000eba00000, 0x00000000ebb00000|  0%| F|  |TAMS 0x00000000eba00000, 0x00000000eba00000| Untracked 
| 187|0x00000000ebb00000, 0x00000000ebb00000, 0x00000000ebc00000|  0%| F|  |TAMS 0x00000000ebb00000, 0x00000000ebb00000| Untracked 
| 188|0x00000000ebc00000, 0x00000000ebc00000, 0x00000000ebd00000|  0%| F|  |TAMS 0x00000000ebc00000, 0x00000000ebc00000| Untracked 
| 189|0x00000000ebd00000, 0x00000000ebd00000, 0x00000000ebe00000|  0%| F|  |TAMS 0x00000000ebd00000, 0x00000000ebd00000| Untracked 
| 190|0x00000000ebe00000, 0x00000000ebe00000, 0x00000000ebf00000|  0%| F|  |TAMS 0x00000000ebe00000, 0x00000000ebe00000| Untracked 
| 191|0x00000000ebf00000, 0x00000000ebf00000, 0x00000000ec000000|  0%| F|  |TAMS 0x00000000ebf00000, 0x00000000ebf00000| Untracked 
| 192|0x00000000ec000000, 0x00000000ec000000, 0x00000000ec100000|  0%| F|  |TAMS 0x00000000ec000000, 0x00000000ec000000| Untracked 
| 193|0x00000000ec100000, 0x00000000ec100000, 0x00000000ec200000|  0%| F|  |TAMS 0x00000000ec100000, 0x00000000ec100000| Untracked 
| 194|0x00000000ec200000, 0x00000000ec200000, 0x00000000ec300000|  0%| F|  |TAMS 0x00000000ec200000, 0x00000000ec200000| Untracked 
| 195|0x00000000ec300000, 0x00000000ec300000, 0x00000000ec400000|  0%| F|  |TAMS 0x00000000ec300000, 0x00000000ec300000| Untracked 
| 196|0x00000000ec400000, 0x00000000ec400000, 0x00000000ec500000|  0%| F|  |TAMS 0x00000000ec400000, 0x00000000ec400000| Untracked 
| 197|0x00000000ec500000, 0x00000000ec500000, 0x00000000ec600000|  0%| F|  |TAMS 0x00000000ec500000, 0x00000000ec500000| Untracked 
| 198|0x00000000ec600000, 0x00000000ec600000, 0x00000000ec700000|  0%| F|  |TAMS 0x00000000ec600000, 0x00000000ec600000| Untracked 
| 199|0x00000000ec700000, 0x00000000ec700000, 0x00000000ec800000|  0%| F|  |TAMS 0x00000000ec700000, 0x00000000ec700000| Untracked 
| 200|0x00000000ec800000, 0x00000000ec800000, 0x00000000ec900000|  0%| F|  |TAMS 0x00000000ec800000, 0x00000000ec800000| Untracked 
| 201|0x00000000ec900000, 0x00000000ec900000, 0x00000000eca00000|  0%| F|  |TAMS 0x00000000ec900000, 0x00000000ec900000| Untracked 
| 202|0x00000000eca00000, 0x00000000eca00000, 0x00000000ecb00000|  0%| F|  |TAMS 0x00000000eca00000, 0x00000000eca00000| Untracked 
| 203|0x00000000ecb00000, 0x00000000ecb00000, 0x00000000ecc00000|  0%| F|  |TAMS 0x00000000ecb00000, 0x00000000ecb00000| Untracked 
| 204|0x00000000ecc00000, 0x00000000ecc00000, 0x00000000ecd00000|  0%| F|  |TAMS 0x00000000ecc00000, 0x00000000ecc00000| Untracked 
| 205|0x00000000ecd00000, 0x00000000ecd00000, 0x00000000ece00000|  0%| F|  |TAMS 0x00000000ecd00000, 0x00000000ecd00000| Untracked 
| 206|0x00000000ece00000, 0x00000000ece00000, 0x00000000ecf00000|  0%| F|  |TAMS 0x00000000ece00000, 0x00000000ece00000| Untracked 
| 207|0x00000000ecf00000, 0x00000000ecf00000, 0x00000000ed000000|  0%| F|  |TAMS 0x00000000ecf00000, 0x00000000ecf00000| Untracked 
| 208|0x00000000ed000000, 0x00000000ed000000, 0x00000000ed100000|  0%| F|  |TAMS 0x00000000ed000000, 0x00000000ed000000| Untracked 
| 209|0x00000000ed100000, 0x00000000ed100000, 0x00000000ed200000|  0%| F|  |TAMS 0x00000000ed100000, 0x00000000ed100000| Untracked 
| 210|0x00000000ed200000, 0x00000000ed200000, 0x00000000ed300000|  0%| F|  |TAMS 0x00000000ed200000, 0x00000000ed200000| Untracked 
| 211|0x00000000ed300000, 0x00000000ed300000, 0x00000000ed400000|  0%| F|  |TAMS 0x00000000ed300000, 0x00000000ed300000| Untracked 
| 212|0x00000000ed400000, 0x00000000ed400000, 0x00000000ed500000|  0%| F|  |TAMS 0x00000000ed400000, 0x00000000ed400000| Untracked 
| 213|0x00000000ed500000, 0x00000000ed500000, 0x00000000ed600000|  0%| F|  |TAMS 0x00000000ed500000, 0x00000000ed500000| Untracked 
| 214|0x00000000ed600000, 0x00000000ed600000, 0x00000000ed700000|  0%| F|  |TAMS 0x00000000ed600000, 0x00000000ed600000| Untracked 
| 215|0x00000000ed700000, 0x00000000ed780800, 0x00000000ed800000| 50%| E|  |TAMS 0x00000000ed700000, 0x00000000ed700000| Complete 
| 216|0x00000000ed800000, 0x00000000ed900000, 0x00000000ed900000|100%| E|CS|TAMS 0x00000000ed800000, 0x00000000ed800000| Complete 
| 217|0x00000000ed900000, 0x00000000eda00000, 0x00000000eda00000|100%| E|CS|TAMS 0x00000000ed900000, 0x00000000ed900000| Complete 
| 218|0x00000000eda00000, 0x00000000edb00000, 0x00000000edb00000|100%| E|CS|TAMS 0x00000000eda00000, 0x00000000eda00000| Complete 
| 219|0x00000000edb00000, 0x00000000edc00000, 0x00000000edc00000|100%| E|CS|TAMS 0x00000000edb00000, 0x00000000edb00000| Complete 
| 220|0x00000000edc00000, 0x00000000edd00000, 0x00000000edd00000|100%| E|CS|TAMS 0x00000000edc00000, 0x00000000edc00000| Complete 
| 221|0x00000000edd00000, 0x00000000ede00000, 0x00000000ede00000|100%| E|CS|TAMS 0x00000000edd00000, 0x00000000edd00000| Complete 
| 222|0x00000000ede00000, 0x00000000edf00000, 0x00000000edf00000|100%| E|CS|TAMS 0x00000000ede00000, 0x00000000ede00000| Complete 
| 223|0x00000000edf00000, 0x00000000ee000000, 0x00000000ee000000|100%| E|CS|TAMS 0x00000000edf00000, 0x00000000edf00000| Complete 
| 224|0x00000000ee000000, 0x00000000ee100000, 0x00000000ee100000|100%| E|CS|TAMS 0x00000000ee000000, 0x00000000ee000000| Complete 
| 225|0x00000000ee100000, 0x00000000ee200000, 0x00000000ee200000|100%| E|CS|TAMS 0x00000000ee100000, 0x00000000ee100000| Complete 
| 226|0x00000000ee200000, 0x00000000ee300000, 0x00000000ee300000|100%| E|CS|TAMS 0x00000000ee200000, 0x00000000ee200000| Complete 
| 227|0x00000000ee300000, 0x00000000ee400000, 0x00000000ee400000|100%| E|CS|TAMS 0x00000000ee300000, 0x00000000ee300000| Complete 
| 228|0x00000000ee400000, 0x00000000ee500000, 0x00000000ee500000|100%| E|CS|TAMS 0x00000000ee400000, 0x00000000ee400000| Complete 
| 229|0x00000000ee500000, 0x00000000ee600000, 0x00000000ee600000|100%| E|CS|TAMS 0x00000000ee500000, 0x00000000ee500000| Complete 
| 230|0x00000000ee600000, 0x00000000ee700000, 0x00000000ee700000|100%| E|CS|TAMS 0x00000000ee600000, 0x00000000ee600000| Complete 
| 231|0x00000000ee700000, 0x00000000ee800000, 0x00000000ee800000|100%| E|CS|TAMS 0x00000000ee700000, 0x00000000ee700000| Complete 
| 232|0x00000000ee800000, 0x00000000ee900000, 0x00000000ee900000|100%| E|CS|TAMS 0x00000000ee800000, 0x00000000ee800000| Complete 
| 233|0x00000000ee900000, 0x00000000eea00000, 0x00000000eea00000|100%| E|CS|TAMS 0x00000000ee900000, 0x00000000ee900000| Complete 
| 234|0x00000000eea00000, 0x00000000eeb00000, 0x00000000eeb00000|100%| E|CS|TAMS 0x00000000eea00000, 0x00000000eea00000| Complete 
| 235|0x00000000eeb00000, 0x00000000eec00000, 0x00000000eec00000|100%| E|CS|TAMS 0x00000000eeb00000, 0x00000000eeb00000| Complete 
| 236|0x00000000eec00000, 0x00000000eed00000, 0x00000000eed00000|100%| E|CS|TAMS 0x00000000eec00000, 0x00000000eec00000| Complete 
| 237|0x00000000eed00000, 0x00000000eee00000, 0x00000000eee00000|100%| E|CS|TAMS 0x00000000eed00000, 0x00000000eed00000| Complete 
| 238|0x00000000eee00000, 0x00000000eef00000, 0x00000000eef00000|100%| E|CS|TAMS 0x00000000eee00000, 0x00000000eee00000| Complete 
| 239|0x00000000eef00000, 0x00000000ef000000, 0x00000000ef000000|100%| E|CS|TAMS 0x00000000eef00000, 0x00000000eef00000| Complete 
| 240|0x00000000ef000000, 0x00000000ef100000, 0x00000000ef100000|100%| E|CS|TAMS 0x00000000ef000000, 0x00000000ef000000| Complete 
| 241|0x00000000ef100000, 0x00000000ef200000, 0x00000000ef200000|100%| E|CS|TAMS 0x00000000ef100000, 0x00000000ef100000| Complete 
| 242|0x00000000ef200000, 0x00000000ef300000, 0x00000000ef300000|100%| E|CS|TAMS 0x00000000ef200000, 0x00000000ef200000| Complete 
| 243|0x00000000ef300000, 0x00000000ef400000, 0x00000000ef400000|100%| E|CS|TAMS 0x00000000ef300000, 0x00000000ef300000| Complete 
| 244|0x00000000ef400000, 0x00000000ef500000, 0x00000000ef500000|100%| E|CS|TAMS 0x00000000ef400000, 0x00000000ef400000| Complete 
| 245|0x00000000ef500000, 0x00000000ef600000, 0x00000000ef600000|100%| E|CS|TAMS 0x00000000ef500000, 0x00000000ef500000| Complete 
| 246|0x00000000ef600000, 0x00000000ef700000, 0x00000000ef700000|100%| E|CS|TAMS 0x00000000ef600000, 0x00000000ef600000| Complete 
| 247|0x00000000ef700000, 0x00000000ef800000, 0x00000000ef800000|100%| E|CS|TAMS 0x00000000ef700000, 0x00000000ef700000| Complete 
| 248|0x00000000ef800000, 0x00000000ef900000, 0x00000000ef900000|100%| E|CS|TAMS 0x00000000ef800000, 0x00000000ef800000| Complete 
| 249|0x00000000ef900000, 0x00000000efa00000, 0x00000000efa00000|100%| E|CS|TAMS 0x00000000ef900000, 0x00000000ef900000| Complete 
| 250|0x00000000efa00000, 0x00000000efb00000, 0x00000000efb00000|100%| E|CS|TAMS 0x00000000efa00000, 0x00000000efa00000| Complete 
| 251|0x00000000efb00000, 0x00000000efc00000, 0x00000000efc00000|100%| E|CS|TAMS 0x00000000efb00000, 0x00000000efb00000| Complete 
| 252|0x00000000efc00000, 0x00000000efc54228, 0x00000000efd00000| 32%| S|CS|TAMS 0x00000000efc00000, 0x00000000efc00000| Complete 
| 253|0x00000000efd00000, 0x00000000efe00000, 0x00000000efe00000|100%| E|CS|TAMS 0x00000000efd00000, 0x00000000efd00000| Complete 
| 254|0x00000000efe00000, 0x00000000eff00000, 0x00000000eff00000|100%| E|CS|TAMS 0x00000000efe00000, 0x00000000efe00000| Complete 
| 255|0x00000000eff00000, 0x00000000f0000000, 0x00000000f0000000|100%| E|CS|TAMS 0x00000000eff00000, 0x00000000eff00000| Complete 

Card table byte_map: [0x000002545d790000,0x000002545d890000] _byte_map_base: 0x000002545d090000

Marking Bits (Prev, Next): (CMBitMap*) 0x0000025446f0ee90, (CMBitMap*) 0x0000025446f0eed0
 Prev Bits: [0x000002545d990000, 0x000002545e190000)
 Next Bits: [0x000002545e190000, 0x000002545e990000)

Polling page: 0x00000254466c0000

Metaspace:

Usage:
  Non-class:     34.18 MB used.
      Class:      5.54 MB used.
       Both:     39.72 MB used.

Virtual space:
  Non-class space:       64.00 MB reserved,      34.38 MB ( 54%) committed,  1 nodes.
      Class space:      320.00 MB reserved,       5.69 MB (  2%) committed,  1 nodes.
             Both:      384.00 MB reserved,      40.06 MB ( 10%) committed. 

Chunk freelists:
   Non-Class:  13.31 MB
       Class:  10.31 MB
        Both:  23.62 MB

MaxMetaspaceSize: 384.00 MB
CompressedClassSpaceSize: 320.00 MB
Initial GC threshold: 21.00 MB
Current GC threshold: 60.31 MB
CDS: on
MetaspaceReclaimPolicy: balanced
 - commit_granule_bytes: 65536.
 - commit_granule_words: 8192.
 - virtual_space_node_default_size: 8388608.
 - enlarge_chunks_in_place: 1.
 - new_chunks_are_fully_committed: 0.
 - uncommit_free_chunks: 1.
 - use_allocation_guard: 0.
 - handle_deallocations: 1.


Internal statistics:

num_allocs_failed_limit: 12.
num_arena_births: 452.
num_arena_deaths: 0.
num_vsnodes_births: 2.
num_vsnodes_deaths: 0.
num_space_committed: 641.
num_space_uncommitted: 0.
num_chunks_returned_to_freelist: 12.
num_chunks_taken_from_freelist: 1957.
num_chunk_merges: 12.
num_chunk_splits: 1335.
num_chunks_enlarged: 932.
num_purges: 0.
num_inconsistent_stats: 0.

CodeHeap 'non-profiled nmethods': size=120000Kb used=2665Kb max_used=2665Kb free=117334Kb
 bounds [0x0000025456260000, 0x0000025456500000, 0x000002545d790000]
CodeHeap 'profiled nmethods': size=120000Kb used=9365Kb max_used=9365Kb free=110634Kb
 bounds [0x000002544e790000, 0x000002544f0c0000, 0x0000025455cc0000]
CodeHeap 'non-nmethods': size=5760Kb used=2316Kb max_used=2412Kb free=3443Kb
 bounds [0x0000025455cc0000, 0x0000025455f30000, 0x0000025456260000]
 total_blobs=5237 nmethods=4412 adapters=737
 compilation: enabled
              stopped_count=0, restarted_count=0
 full_count=0

Compilation events (20 events):
Event: 14.273 Thread 0x0000025460f86860 nmethod 4319 0x000002544f08ee90 code [0x000002544f08f060, 0x000002544f08f348]
Event: 14.273 Thread 0x0000025460f86860 4320       3       com.google.common.collect.UnmodifiableListIterator::<init> (5 bytes)
Event: 14.273 Thread 0x0000025460f86860 nmethod 4320 0x000002544f08f490 code [0x000002544f08f640, 0x000002544f08f7f8]
Event: 14.273 Thread 0x0000025460f86860 4321       3       com.google.common.collect.Iterators$9::hasNext (13 bytes)
Event: 14.273 Thread 0x0000025460f86860 nmethod 4321 0x000002544f08f910 code [0x000002544f08faa0, 0x000002544f08fc18]
Event: 14.276 Thread 0x0000025460f86860 4322       3       java.util.AbstractSequentialList::iterator (5 bytes)
Event: 14.276 Thread 0x0000025460f86860 nmethod 4322 0x000002544f08fc90 code [0x000002544f08fe40, 0x000002544f0900e8]
Event: 14.291 Thread 0x0000025460f86860 4323       3       javax.management.ObjectName::construct (1135 bytes)
Event: 14.296 Thread 0x0000025460f86860 nmethod 4323 0x000002544f090190 code [0x000002544f0907e0, 0x000002544f094288]
Event: 14.298 Thread 0x0000025460f86860 4324       3       sun.reflect.generics.reflectiveObjects.LazyReflectiveObjectGenerator::<init> (10 bytes)
Event: 14.299 Thread 0x0000025460f86860 nmethod 4324 0x000002544f095990 code [0x000002544f095b20, 0x000002544f095cd8]
Event: 14.299 Thread 0x0000025460f86860 4325       3       org.gradle.model.internal.asm.MethodVisitorScope::_DUP (7 bytes)
Event: 14.299 Thread 0x0000025460f86860 nmethod 4325 0x000002544f095d90 code [0x000002544f095f40, 0x000002544f0961a8]
Event: 14.299 Thread 0x0000025460f85930 4326       4       org.objectweb.asm.MethodWriter::visitVarInsn (302 bytes)
Event: 14.299 Thread 0x0000025460f86860 4327       3       org.gradle.internal.instantiation.generator.AsmBackedClassGenerator$ClassBuilderImpl$$Lambda$142/0x00000254621b36c8::transform (8 bytes)
Event: 14.299 Thread 0x0000025460f86860 nmethod 4327 0x000002544f096290 code [0x000002544f096440, 0x000002544f096668]
Event: 14.307 Thread 0x0000025460f85930 nmethod 4326 0x00000254564f2590 code [0x00000254564f2740, 0x00000254564f2c68]
Event: 14.311 Thread 0x0000025460f86860 4328       3       org.gradle.internal.instantiation.generator.AbstractClassGenerator$ClassGenerationHandler::hasFields (1 bytes)
Event: 14.311 Thread 0x0000025460f86860 nmethod 4328 0x000002544f096710 code [0x000002544f0968a0, 0x000002544f0969b8]
Event: 14.312 Thread 0x0000025460f85930 4329       4       org.objectweb.asm.SymbolTable::addType (81 bytes)

GC Heap History (14 events):
Event: 0.648 GC heap before
{Heap before GC invocations=0 (full 0):
 garbage-first heap   total 262144K, used 13312K [0x00000000e0000000, 0x0000000100000000)
  region size 1024K, 13 young (13312K), 0 survivors (0K)
 Metaspace       used 1036K, committed 1152K, reserved 393216K
  class space    used 82K, committed 128K, reserved 327680K
}
Event: 0.653 GC heap after
{Heap after GC invocations=1 (full 0):
 garbage-first heap   total 262144K, used 3457K [0x00000000e0000000, 0x0000000100000000)
  region size 1024K, 2 young (2048K), 2 survivors (2048K)
 Metaspace       used 1036K, committed 1152K, reserved 393216K
  class space    used 82K, committed 128K, reserved 327680K
}
Event: 1.299 GC heap before
{Heap before GC invocations=1 (full 0):
 garbage-first heap   total 262144K, used 22913K [0x00000000e0000000, 0x0000000100000000)
  region size 1024K, 17 young (17408K), 2 survivors (2048K)
 Metaspace       used 3842K, committed 4032K, reserved 393216K
  class space    used 487K, committed 576K, reserved 327680K
}
Event: 1.304 GC heap after
{Heap after GC invocations=2 (full 0):
 garbage-first heap   total 262144K, used 10739K [0x00000000e0000000, 0x0000000100000000)
  region size 1024K, 3 young (3072K), 3 survivors (3072K)
 Metaspace       used 3842K, committed 4032K, reserved 393216K
  class space    used 487K, committed 576K, reserved 327680K
}
Event: 1.803 GC heap before
{Heap before GC invocations=2 (full 0):
 garbage-first heap   total 262144K, used 32243K [0x00000000e0000000, 0x0000000100000000)
  region size 1024K, 25 young (25600K), 3 survivors (3072K)
 Metaspace       used 4002K, committed 4160K, reserved 393216K
  class space    used 491K, committed 576K, reserved 327680K
}
Event: 1.807 GC heap after
{Heap after GC invocations=3 (full 0):
 garbage-first heap   total 262144K, used 12786K [0x00000000e0000000, 0x0000000100000000)
  region size 1024K, 2 young (2048K), 2 survivors (2048K)
 Metaspace       used 4002K, committed 4160K, reserved 393216K
  class space    used 491K, committed 576K, reserved 327680K
}
Event: 7.613 GC heap before
{Heap before GC invocations=3 (full 0):
 garbage-first heap   total 262144K, used 129522K [0x00000000e0000000, 0x0000000100000000)
  region size 1024K, 116 young (118784K), 2 survivors (2048K)
 Metaspace       used 21187K, committed 21504K, reserved 393216K
  class space    used 3152K, committed 3328K, reserved 327680K
}
Event: 7.628 GC heap after
{Heap after GC invocations=4 (full 0):
 garbage-first heap   total 262144K, used 22456K [0x00000000e0000000, 0x0000000100000000)
  region size 1024K, 12 young (12288K), 12 survivors (12288K)
 Metaspace       used 21187K, committed 21504K, reserved 393216K
  class space    used 3152K, committed 3328K, reserved 327680K
}
Event: 12.828 GC heap before
{Heap before GC invocations=5 (full 0):
 garbage-first heap   total 262144K, used 140216K [0x00000000e0000000, 0x0000000100000000)
  region size 1024K, 124 young (126976K), 12 survivors (12288K)
 Metaspace       used 35727K, committed 36096K, reserved 393216K
  class space    used 5005K, committed 5184K, reserved 327680K
}
Event: 12.851 GC heap after
{Heap after GC invocations=6 (full 0):
 garbage-first heap   total 262144K, used 32741K [0x00000000e0000000, 0x0000000100000000)
  region size 1024K, 11 young (11264K), 11 survivors (11264K)
 Metaspace       used 35727K, committed 36096K, reserved 393216K
  class space    used 5005K, committed 5184K, reserved 327680K
}
Event: 12.868 GC heap before
{Heap before GC invocations=6 (full 0):
 garbage-first heap   total 262144K, used 32741K [0x00000000e0000000, 0x0000000100000000)
  region size 1024K, 12 young (12288K), 11 survivors (11264K)
 Metaspace       used 35880K, committed 36288K, reserved 393216K
  class space    used 5010K, committed 5184K, reserved 327680K
}
Event: 12.881 GC heap after
{Heap after GC invocations=7 (full 0):
 garbage-first heap   total 262144K, used 33028K [0x00000000e0000000, 0x0000000100000000)
  region size 1024K, 2 young (2048K), 2 survivors (2048K)
 Metaspace       used 35880K, committed 36288K, reserved 393216K
  class space    used 5010K, committed 5184K, reserved 327680K
}
Event: 12.893 GC heap before
{Heap before GC invocations=7 (full 0):
 garbage-first heap   total 262144K, used 35076K [0x00000000e0000000, 0x0000000100000000)
  region size 1024K, 3 young (3072K), 2 survivors (2048K)
 Metaspace       used 36062K, committed 36416K, reserved 393216K
  class space    used 5010K, committed 5184K, reserved 327680K
}
Event: 12.894 GC heap after
{Heap after GC invocations=8 (full 0):
 garbage-first heap   total 262144K, used 32957K [0x00000000e0000000, 0x0000000100000000)
  region size 1024K, 1 young (1024K), 1 survivors (1024K)
 Metaspace       used 36062K, committed 36416K, reserved 393216K
  class space    used 5010K, committed 5184K, reserved 327680K
}

Deoptimization events (20 events):
Event: 13.176 Thread 0x000002547ba7cfa0 Uncommon trap: trap_request=0xffffffc6 fr.pc=0x00000254563c12f4 relative=0x0000000000000234
Event: 13.176 Thread 0x000002547ba7cfa0 Uncommon trap: reason=bimorphic_or_optimized_type_check action=maybe_recompile pc=0x00000254563c12f4 method=com.google.common.base.CharMatcher.indexIn(Ljava/lang/CharSequence;I)I @ 31 c2
Event: 13.176 Thread 0x000002547ba7cfa0 DEOPT PACKING pc=0x00000254563c12f4 sp=0x0000006fb9bf7bb0
Event: 13.176 Thread 0x000002547ba7cfa0 DEOPT UNPACKING pc=0x0000025455d123a3 sp=0x0000006fb9bf7b58 mode 2
Event: 13.176 Thread 0x000002547ba7cfa0 Uncommon trap: trap_request=0xffffffc6 fr.pc=0x00000254563c12f4 relative=0x0000000000000234
Event: 13.176 Thread 0x000002547ba7cfa0 Uncommon trap: reason=bimorphic_or_optimized_type_check action=maybe_recompile pc=0x00000254563c12f4 method=com.google.common.base.CharMatcher.indexIn(Ljava/lang/CharSequence;I)I @ 31 c2
Event: 13.176 Thread 0x000002547ba7cfa0 DEOPT PACKING pc=0x00000254563c12f4 sp=0x0000006fb9bf7bb0
Event: 13.176 Thread 0x000002547ba7cfa0 DEOPT UNPACKING pc=0x0000025455d123a3 sp=0x0000006fb9bf7b58 mode 2
Event: 13.182 Thread 0x000002547ba7cfa0 Uncommon trap: trap_request=0xffffffc6 fr.pc=0x00000254563c12f4 relative=0x0000000000000234
Event: 13.182 Thread 0x000002547ba7cfa0 Uncommon trap: reason=bimorphic_or_optimized_type_check action=maybe_recompile pc=0x00000254563c12f4 method=com.google.common.base.CharMatcher.indexIn(Ljava/lang/CharSequence;I)I @ 31 c2
Event: 13.182 Thread 0x000002547ba7cfa0 DEOPT PACKING pc=0x00000254563c12f4 sp=0x0000006fb9bf7bb0
Event: 13.182 Thread 0x000002547ba7cfa0 DEOPT UNPACKING pc=0x0000025455d123a3 sp=0x0000006fb9bf7b58 mode 2
Event: 13.247 Thread 0x000002547ba7cfa0 Uncommon trap: trap_request=0xffffffc6 fr.pc=0x00000254563c12f4 relative=0x0000000000000234
Event: 13.247 Thread 0x000002547ba7cfa0 Uncommon trap: reason=bimorphic_or_optimized_type_check action=maybe_recompile pc=0x00000254563c12f4 method=com.google.common.base.CharMatcher.indexIn(Ljava/lang/CharSequence;I)I @ 31 c2
Event: 13.247 Thread 0x000002547ba7cfa0 DEOPT PACKING pc=0x00000254563c12f4 sp=0x0000006fb9bf94c0
Event: 13.247 Thread 0x000002547ba7cfa0 DEOPT UNPACKING pc=0x0000025455d123a3 sp=0x0000006fb9bf9468 mode 2
Event: 14.257 Thread 0x000002547ba7cfa0 Uncommon trap: trap_request=0xffffffde fr.pc=0x0000025456393354 relative=0x00000000000002b4
Event: 14.257 Thread 0x000002547ba7cfa0 Uncommon trap: reason=class_check action=maybe_recompile pc=0x0000025456393354 method=java.util.Collections$SetFromMap.remove(Ljava/lang/Object;)Z @ 5 c2
Event: 14.257 Thread 0x000002547ba7cfa0 DEOPT PACKING pc=0x0000025456393354 sp=0x0000006fb9bf9010
Event: 14.257 Thread 0x000002547ba7cfa0 DEOPT UNPACKING pc=0x0000025455d123a3 sp=0x0000006fb9bf8ff8 mode 2

Classes unloaded (0 events):
No events

Classes redefined (0 events):
No events

Internal exceptions (20 events):
Event: 12.186 Thread 0x000002547ba7cfa0 Exception <a 'java/lang/ClassNotFoundException'{0x00000000e9ef8c88}: org/gradle/api/internal/project/DefaultProject_DecoratedCustomizer> (0x00000000e9ef8c88) 
thrown [s\open\src\hotspot\share\classfile\systemDictionary.cpp, line 256]
Event: 12.205 Thread 0x000002547ba7cfa0 Exception <a 'java/lang/ClassNotFoundException'{0x00000000e9dab418}: org/gradle/configuration/internal/DefaultListenerBuildOperationDecorator$BuildOperationEmittingClosureBeanInfo> (0x00000000e9dab418) 
thrown [s\open\src\hotspot\share\classfile\systemDictionary.cpp, line 256]
Event: 12.206 Thread 0x000002547ba7cfa0 Exception <a 'java/lang/ClassNotFoundException'{0x00000000e9db8bb0}: org/gradle/configuration/internal/DefaultListenerBuildOperationDecorator$BuildOperationEmittingClosureCustomizer> (0x00000000e9db8bb0) 
thrown [s\open\src\hotspot\share\classfile\systemDictionary.cpp, line 256]
Event: 12.608 Thread 0x000002547ba7cfa0 Exception <a 'java/lang/NoSuchMethodError'{0x00000000e96ca840}: 'long java.lang.invoke.DirectMethodHandle$Holder.invokeStatic(java.lang.Object, long)'> (0x00000000e96ca840) 
thrown [s\open\src\hotspot\share\interpreter\linkResolver.cpp, line 759]
Event: 13.083 Thread 0x000002547ba7cfa0 Exception <a 'java/lang/NoSuchMethodError'{0x00000000efb8c3a8}: 'void java.lang.invoke.DirectMethodHandle$Holder.invokeStatic(java.lang.Object, java.lang.Object, java.lang.Object, java.lang.Object, java.lang.Object, java.lang.Object)'> (0x00000000efb8c3a8) 
thrown [s\open\src\hotspot\share\interpreter\linkResolver.cpp, line 759]
Event: 13.160 Thread 0x000002547ba7cfa0 Exception <a 'java/lang/ClassNotFoundException'{0x00000000efac32e8}: build_apdz1bqhm98ldevzcadeeuykdBeanInfo> (0x00000000efac32e8) 
thrown [s\open\src\hotspot\share\classfile\systemDictionary.cpp, line 256]
Event: 13.160 Thread 0x000002547ba7cfa0 Exception <a 'java/lang/ClassNotFoundException'{0x00000000efacdc88}: org/gradle/api/internal/project/ProjectScriptBeanInfo> (0x00000000efacdc88) 
thrown [s\open\src\hotspot\share\classfile\systemDictionary.cpp, line 256]
Event: 13.161 Thread 0x000002547ba7cfa0 Exception <a 'java/lang/ClassNotFoundException'{0x00000000efad86b8}: org/gradle/api/internal/project/ProjectScriptCustomizer> (0x00000000efad86b8) 
thrown [s\open\src\hotspot\share\classfile\systemDictionary.cpp, line 256]
Event: 13.162 Thread 0x000002547ba7cfa0 Exception <a 'java/lang/ClassNotFoundException'{0x00000000efaefe78}: build_apdz1bqhm98ldevzcadeeuykdCustomizer> (0x00000000efaefe78) 
thrown [s\open\src\hotspot\share\classfile\systemDictionary.cpp, line 256]
Event: 13.171 Thread 0x000002547ba7cfa0 Exception <a 'java/lang/ClassNotFoundException'{0x00000000ef9493e8}: org/gradle/plugin/use/internal/PluginRequestCollector$PluginDependenciesSpecImplBeanInfo> (0x00000000ef9493e8) 
thrown [s\open\src\hotspot\share\classfile\systemDictionary.cpp, line 256]
Event: 13.172 Thread 0x000002547ba7cfa0 Exception <a 'java/lang/ClassNotFoundException'{0x00000000ef95a128}: org/gradle/plugin/use/internal/PluginRequestCollector$PluginDependenciesSpecImplCustomizer> (0x00000000ef95a128) 
thrown [s\open\src\hotspot\share\classfile\systemDictionary.cpp, line 256]
Event: 13.179 Thread 0x000002547ba7cfa0 Exception <a 'java/lang/ClassNotFoundException'{0x00000000ef9e1580}: org/gradle/plugin/use/internal/PluginRequestCollector$PluginDependencySpecImplBeanInfo> (0x00000000ef9e1580) 
thrown [s\open\src\hotspot\share\classfile\systemDictionary.cpp, line 256]
Event: 13.180 Thread 0x000002547ba7cfa0 Exception <a 'java/lang/ClassNotFoundException'{0x00000000ef9f2550}: org/gradle/plugin/use/internal/PluginRequestCollector$PluginDependencySpecImplCustomizer> (0x00000000ef9f2550) 
thrown [s\open\src\hotspot\share\classfile\systemDictionary.cpp, line 256]
Event: 13.459 Thread 0x000002547ba7cfa0 Exception <a 'java/lang/NoSuchMethodError'{0x00000000eeec3928}: 'java.lang.Object java.lang.invoke.DirectMethodHandle$Holder.newInvokeSpecial(java.lang.Object, int, java.lang.Object)'> (0x00000000eeec3928) 
thrown [s\open\src\hotspot\share\interpreter\linkResolver.cpp, line 759]
Event: 13.931 Thread 0x000002547ba7cfa0 Exception <a 'java/lang/NoSuchMethodError'{0x00000000ee4d88c0}: 'int java.lang.invoke.DirectMethodHandle$Holder.invokeSpecialIFC(java.lang.Object, java.lang.Object, java.lang.Object)'> (0x00000000ee4d88c0) 
thrown [s\open\src\hotspot\share\interpreter\linkResolver.cpp, line 759]
Event: 14.183 Thread 0x000002547ba7cfa0 Exception <a 'java/lang/NoSuchMethodError'{0x00000000ee1fc018}: 'int java.lang.invoke.DirectMethodHandle$Holder.invokeStatic(java.lang.Object)'> (0x00000000ee1fc018) 
thrown [s\open\src\hotspot\share\interpreter\linkResolver.cpp, line 759]
Event: 14.184 Thread 0x000002547ba7cfa0 Exception <a 'java/lang/NoSuchMethodError'{0x00000000ee000ae8}: 'int java.lang.invoke.DirectMethodHandle$Holder.invokeStaticInit(java.lang.Object)'> (0x00000000ee000ae8) 
thrown [s\open\src\hotspot\share\interpreter\linkResolver.cpp, line 759]
Event: 14.202 Thread 0x000002547ba7cfa0 Exception <a 'java/lang/NoSuchMethodError'{0x00000000ee08db10}: 'java.lang.Object java.lang.invoke.DirectMethodHandle$Holder.newInvokeSpecial(java.lang.Object, java.lang.Object, java.lang.Object, java.lang.Object, java.lang.Object, int)'> (0x00000000ee08db10) 
thrown [s\open\src\hotspot\share\interpreter\linkResolver.cpp, line 759]
Event: 14.202 Thread 0x000002547ba7cfa0 Exception <a 'java/lang/NoSuchMethodError'{0x00000000ee092ec0}: 'java.lang.Object java.lang.invoke.DirectMethodHandle$Holder.invokeSpecial(java.lang.Object, java.lang.Object, java.lang.Object, java.lang.Object, java.lang.Object, java.lang.Object, int)'> (0x00000000ee092ec0) 
thrown [s\open\src\hotspot\share\interpreter\linkResolver.cpp, line 759]
Event: 14.230 Thread 0x000002547ba7cfa0 Exception <a 'java/lang/NoSuchMethodError'{0x00000000edf80968}: 'void java.lang.invoke.DirectMethodHandle$Holder.invokeStatic(java.lang.Object, java.lang.Object, java.lang.Object, int, java.lang.Object)'> (0x00000000edf80968) 
thrown [s\open\src\hotspot\share\interpreter\linkResolver.cpp, line 759]

VM Operations (20 events):
Event: 12.211 Executing VM operation: HandshakeAllThreads
Event: 12.211 Executing VM operation: HandshakeAllThreads done
Event: 12.623 Executing VM operation: HandshakeAllThreads
Event: 12.623 Executing VM operation: HandshakeAllThreads done
Event: 12.623 Executing VM operation: Cleanup
Event: 12.623 Executing VM operation: Cleanup done
Event: 12.828 Executing VM operation: CollectForMetadataAllocation
Event: 12.851 Executing VM operation: CollectForMetadataAllocation done
Event: 12.868 Executing VM operation: G1CollectForAllocation
Event: 12.881 Executing VM operation: G1CollectForAllocation done
Event: 12.893 Executing VM operation: CollectForMetadataAllocation
Event: 12.894 Executing VM operation: CollectForMetadataAllocation done
Event: 12.902 Executing VM operation: CollectForMetadataAllocation
Event: 12.902 Executing VM operation: CollectForMetadataAllocation done
Event: 12.964 Executing VM operation: G1Concurrent
Event: 12.968 Executing VM operation: G1Concurrent done
Event: 13.002 Executing VM operation: G1Concurrent
Event: 13.020 Executing VM operation: G1Concurrent done
Event: 13.447 Executing VM operation: HandshakeAllThreads
Event: 13.447 Executing VM operation: HandshakeAllThreads done

Events (20 events):
Event: 13.025 loading class javax/net/ssl/SSLException done
Event: 13.025 loading class javax/net/ssl/SSLPeerUnverifiedException
Event: 13.025 loading class javax/net/ssl/SSLPeerUnverifiedException done
Event: 13.025 loading class javax/naming/NamingException
Event: 13.035 loading class javax/naming/NamingException done
Event: 13.035 loading class javax/naming/InvalidNameException
Event: 13.036 loading class javax/naming/InvalidNameException done
Event: 13.036 loading class java/security/cert/CertificateParsingException
Event: 13.036 loading class java/security/cert/CertificateException
Event: 13.037 loading class java/security/cert/CertificateException done
Event: 13.037 loading class java/security/cert/CertificateParsingException done
Event: 13.332 Thread 0x0000025460f85930 Thread added: 0x0000025460f85930
Event: 13.414 loading class java/io/DeleteOnExitHook
Event: 13.414 loading class java/io/DeleteOnExitHook done
Event: 13.414 loading class java/io/DeleteOnExitHook$1
Event: 13.414 loading class java/io/DeleteOnExitHook$1 done
Event: 13.419 loading class java/util/concurrent/LinkedBlockingDeque$Itr
Event: 13.433 loading class java/util/concurrent/LinkedBlockingDeque$AbstractItr
Event: 13.434 loading class java/util/concurrent/LinkedBlockingDeque$AbstractItr done
Event: 13.434 loading class java/util/concurrent/LinkedBlockingDeque$Itr done


Dynamic libraries:
0x00007ff728660000 - 0x00007ff728670000 	C:\Program Files\Java\jdk-17\bin\java.exe
0x00007ffcf52b0000 - 0x00007ffcf54a8000 	C:\Windows\SYSTEM32\ntdll.dll
0x00007ffcf4670000 - 0x00007ffcf472f000 	C:\Windows\System32\KERNEL32.DLL
0x00007ffcf2d60000 - 0x00007ffcf3056000 	C:\Windows\System32\KERNELBASE.dll
0x00007ffcf2c10000 - 0x00007ffcf2d10000 	C:\Windows\System32\ucrtbase.dll
0x00007ffcec590000 - 0x00007ffcec5ab000 	C:\Program Files\Java\jdk-17\bin\VCRUNTIME140.dll
0x00007ffcd3810000 - 0x00007ffcd3829000 	C:\Program Files\Java\jdk-17\bin\jli.dll
0x00007ffcf4330000 - 0x00007ffcf43df000 	C:\Windows\System32\ADVAPI32.dll
0x00007ffcf3d60000 - 0x00007ffcf3dfe000 	C:\Windows\System32\msvcrt.dll
0x00007ffcf45d0000 - 0x00007ffcf466c000 	C:\Windows\System32\sechost.dll
0x00007ffcf4170000 - 0x00007ffcf4296000 	C:\Windows\System32\RPCRT4.dll
0x00007ffcf3e90000 - 0x00007ffcf402d000 	C:\Windows\System32\USER32.dll
0x00007ffce54e0000 - 0x00007ffce577a000 	C:\Windows\WinSxS\amd64_microsoft.windows.common-controls_6595b64144ccf1df_6.0.19041.1110_none_60b5254171f9507e\COMCTL32.dll
0x00007ffcf32e0000 - 0x00007ffcf3302000 	C:\Windows\System32\win32u.dll
0x00007ffcf3e60000 - 0x00007ffcf3e8c000 	C:\Windows\System32\GDI32.dll
0x00007ffcf31c0000 - 0x00007ffcf32d5000 	C:\Windows\System32\gdi32full.dll
0x00007ffcf2990000 - 0x00007ffcf2a2d000 	C:\Windows\System32\msvcp_win.dll
0x00007ffcea8b0000 - 0x00007ffcea8ba000 	C:\Windows\SYSTEM32\VERSION.dll
0x00007ffcf43e0000 - 0x00007ffcf4410000 	C:\Windows\System32\IMM32.DLL
0x00007ffce0e00000 - 0x00007ffce0e0c000 	C:\Program Files\Java\jdk-17\bin\vcruntime140_1.dll
0x00007ffcce650000 - 0x00007ffcce6de000 	C:\Program Files\Java\jdk-17\bin\msvcp140.dll
0x00007ffc8f980000 - 0x00007ffc9055e000 	C:\Program Files\Java\jdk-17\bin\server\jvm.dll
0x00007ffcf3d50000 - 0x00007ffcf3d58000 	C:\Windows\System32\PSAPI.DLL
0x00007ffce0c40000 - 0x00007ffce0c49000 	C:\Windows\SYSTEM32\WSOCK32.dll
0x00007ffce0f00000 - 0x00007ffce0f27000 	C:\Windows\SYSTEM32\WINMM.dll
0x00007ffcf42a0000 - 0x00007ffcf430b000 	C:\Windows\System32\WS2_32.dll
0x00007ffcf09d0000 - 0x00007ffcf09e2000 	C:\Windows\SYSTEM32\kernel.appcore.dll
0x00007ffcde060000 - 0x00007ffcde06a000 	C:\Program Files\Java\jdk-17\bin\jimage.dll
0x00007ffcef780000 - 0x00007ffcef964000 	C:\Windows\SYSTEM32\DBGHELP.DLL
0x00007ffce0c90000 - 0x00007ffce0cc4000 	C:\Windows\SYSTEM32\dbgcore.DLL
0x00007ffcf2a30000 - 0x00007ffcf2ab2000 	C:\Windows\System32\bcryptPrimitives.dll
0x00007ffcee880000 - 0x00007ffcee88e000 	C:\Program Files\Java\jdk-17\bin\instrument.dll
0x00007ffcd0bd0000 - 0x00007ffcd0bf5000 	C:\Program Files\Java\jdk-17\bin\java.dll
0x00007ffcce570000 - 0x00007ffcce647000 	C:\Program Files\Java\jdk-17\bin\jsvml.dll
0x00007ffcf3550000 - 0x00007ffcf3c94000 	C:\Windows\System32\SHELL32.dll
0x00007ffcf09f0000 - 0x00007ffcf1183000 	C:\Windows\SYSTEM32\windows.storage.dll
0x00007ffcf4d60000 - 0x00007ffcf50b4000 	C:\Windows\System32\combase.dll
0x00007ffcf2300000 - 0x00007ffcf232e000 	C:\Windows\SYSTEM32\Wldp.dll
0x00007ffcf3ca0000 - 0x00007ffcf3d4d000 	C:\Windows\System32\SHCORE.dll
0x00007ffcf4030000 - 0x00007ffcf4085000 	C:\Windows\System32\shlwapi.dll
0x00007ffcf28c0000 - 0x00007ffcf28e5000 	C:\Windows\SYSTEM32\profapi.dll
0x00007ffcce900000 - 0x00007ffcce918000 	C:\Program Files\Java\jdk-17\bin\zip.dll
0x00007ffcd0bb0000 - 0x00007ffcd0bc9000 	C:\Program Files\Java\jdk-17\bin\net.dll
0x00007ffce7ae0000 - 0x00007ffce7bea000 	C:\Windows\SYSTEM32\WINHTTP.dll
0x00007ffcf2010000 - 0x00007ffcf207a000 	C:\Windows\system32\mswsock.dll
0x00007ffcd0b90000 - 0x00007ffcd0ba6000 	C:\Program Files\Java\jdk-17\bin\nio.dll
0x00007ffcd63a0000 - 0x00007ffcd63b0000 	C:\Program Files\Java\jdk-17\bin\verify.dll
0x00007ffcd6070000 - 0x00007ffcd6097000 	C:\Users\itama\.gradle\native\68d5fa5c4cc2d200863cafc0d521ce42e7d3e7ee720ec0a83991735586a16f82\windows-amd64\native-platform.dll
0x00007ffcc0b90000 - 0x00007ffcc0cd4000 	C:\Users\itama\.gradle\native\e376f236ea51e6404a007f0833ffe2c6e607c4080706a723a18a27aeea778392\windows-amd64\native-platform-file-events.dll
0x00007ffcee870000 - 0x00007ffcee87a000 	C:\Program Files\Java\jdk-17\bin\management.dll
0x00007ffced5f0000 - 0x00007ffced5fb000 	C:\Program Files\Java\jdk-17\bin\management_ext.dll
0x00007ffcf21c0000 - 0x00007ffcf21d8000 	C:\Windows\SYSTEM32\CRYPTSP.dll
0x00007ffcf1930000 - 0x00007ffcf1964000 	C:\Windows\system32\rsaenh.dll
0x00007ffcf2ac0000 - 0x00007ffcf2ae7000 	C:\Windows\System32\bcrypt.dll
0x00007ffcf2880000 - 0x00007ffcf28ae000 	C:\Windows\SYSTEM32\USERENV.dll
0x00007ffcf21e0000 - 0x00007ffcf21ec000 	C:\Windows\SYSTEM32\CRYPTBASE.dll
0x00007ffcf1d20000 - 0x00007ffcf1d5b000 	C:\Windows\SYSTEM32\IPHLPAPI.DLL
0x00007ffcf45c0000 - 0x00007ffcf45c8000 	C:\Windows\System32\NSI.dll
0x00007ffcec490000 - 0x00007ffcec4a7000 	C:\Windows\SYSTEM32\dhcpcsvc6.DLL
0x00007ffcec470000 - 0x00007ffcec48d000 	C:\Windows\SYSTEM32\dhcpcsvc.DLL
0x00007ffcf1d60000 - 0x00007ffcf1e2a000 	C:\Windows\SYSTEM32\DNSAPI.dll
0x00007ffceb430000 - 0x00007ffceb43e000 	C:\Program Files\Java\jdk-17\bin\sunmscapi.dll
0x00007ffcf3060000 - 0x00007ffcf31be000 	C:\Windows\System32\CRYPT32.dll
0x00007ffcf2370000 - 0x00007ffcf2398000 	C:\Windows\SYSTEM32\ncrypt.dll
0x00007ffcf2330000 - 0x00007ffcf236b000 	C:\Windows\SYSTEM32\NTASN1.dll
0x00007ffcec580000 - 0x00007ffcec587000 	C:\Windows\system32\wshunix.dll

dbghelp: loaded successfully - version: 4.0.5 - missing functions: none
symbol engine: initialized successfully - sym options: 0x614 - pdb path: .;C:\Program Files\Java\jdk-17\bin;C:\Windows\SYSTEM32;C:\Windows\WinSxS\amd64_microsoft.windows.common-controls_6595b64144ccf1df_6.0.19041.1110_none_60b5254171f9507e;C:\Program Files\Java\jdk-17\bin\server;C:\Users\itama\.gradle\native\68d5fa5c4cc2d200863cafc0d521ce42e7d3e7ee720ec0a83991735586a16f82\windows-amd64;C:\Users\itama\.gradle\native\e376f236ea51e6404a007f0833ffe2c6e607c4080706a723a18a27aeea778392\windows-amd64

VM Arguments:
jvm_args: --add-opens=java.base/java.util=ALL-UNNAMED --add-opens=java.base/java.lang=ALL-UNNAMED --add-opens=java.base/java.lang.invoke=ALL-UNNAMED --add-opens=java.prefs/java.util.prefs=ALL-UNNAMED --add-opens=java.base/java.nio.charset=ALL-UNNAMED --add-opens=java.base/java.net=ALL-UNNAMED --add-opens=java.base/java.util.concurrent.atomic=ALL-UNNAMED -XX:MaxMetaspaceSize=384m -XX:+HeapDumpOnOutOfMemoryError -Xms256m -Xmx512m -Dfile.encoding=windows-1252 -Duser.country=BR -Duser.language=pt -Duser.variant -javaagent:C:\Users\itama\.gradle\wrapper\dists\gradle-8.2.1-bin\5hap6b9n41hkg4jeh2au2pllh\gradle-8.2.1\lib\agents\gradle-instrumentation-agent-8.2.1.jar 
java_command: org.gradle.launcher.daemon.bootstrap.GradleDaemon 8.2.1
java_class_path (initial): C:\Users\itama\.gradle\wrapper\dists\gradle-8.2.1-bin\5hap6b9n41hkg4jeh2au2pllh\gradle-8.2.1\lib\gradle-launcher-8.2.1.jar
Launcher Type: SUN_STANDARD

[Global flags]
     intx CICompilerCount                          = 3                                         {product} {ergonomic}
   size_t CompressedClassSpaceSize                 = 335544320                                 {product} {ergonomic}
     uint ConcGCThreads                            = 1                                         {product} {ergonomic}
     uint G1ConcRefinementThreads                  = 4                                         {product} {ergonomic}
   size_t G1HeapRegionSize                         = 1048576                                   {product} {ergonomic}
    uintx GCDrainStackTargetSize                   = 64                                        {product} {ergonomic}
     bool HeapDumpOnOutOfMemoryError               = true                                   {manageable} {command line}
   size_t InitialHeapSize                          = 268435456                                 {product} {command line}
   size_t MarkStackSize                            = 4194304                                   {product} {ergonomic}
   size_t MaxHeapSize                              = 536870912                                 {product} {command line}
   size_t MaxMetaspaceSize                         = 402653184                                 {product} {command line}
   size_t MaxNewSize                               = 321912832                                 {product} {ergonomic}
   size_t MinHeapDeltaBytes                        = 1048576                                   {product} {ergonomic}
   size_t MinHeapSize                              = 268435456                                 {product} {command line}
    uintx NonNMethodCodeHeapSize                   = 5832780                                {pd product} {ergonomic}
    uintx NonProfiledCodeHeapSize                  = 122912730                              {pd product} {ergonomic}
    uintx ProfiledCodeHeapSize                     = 122912730                              {pd product} {ergonomic}
    uintx ReservedCodeCacheSize                    = 251658240                              {pd product} {ergonomic}
     bool SegmentedCodeCache                       = true                                      {product} {ergonomic}
   size_t SoftMaxHeapSize                          = 536870912                              {manageable} {ergonomic}
     bool UseCompressedClassPointers               = true                           {product lp64_product} {ergonomic}
     bool UseCompressedOops                        = true                           {product lp64_product} {ergonomic}
     bool UseG1GC                                  = true                                      {product} {ergonomic}
     bool UseLargePagesIndividualAllocation        = false                                  {pd product} {ergonomic}

Logging:
Log output configuration:
 #0: stdout all=warning uptime,level,tags
 #1: stderr all=off uptime,level,tags

Environment Variables:
PATH=C:\Program Files\Common Files\Oracle\Java\javapath;C:\Python311\Scripts\;C:\Python311\;C:\Windows\system32;C:\Windows;C:\Windows\System32\Wbem;C:\Windows\System32\WindowsPowerShell\v1.0\;C:\Windows\System32\OpenSSH\;C:\Program Files\nodejs\;C:\ProgramData\chocolatey\bin;C:\xampp\php;C:\ProgramData\ComposerSetup\bin;C:\Program Files\Git\cmd;C:\Gradle\gradle-8.3\bin;;C:\Program Files\Docker\Docker\resources\bin;C:\Users\itama\AppData\Local\Microsoft\WindowsApps;C:\Users\itama\AppData\Roaming\npm;C:\Users\itama\AppData\Local\Programs\Microsoft VS Code\bin;C:\Users\itama\AppData\Roaming\Composer\vendor\bin;C:\Program Files\JetBrains\IntelliJ IDEA Community Edition 2023.2\bin;
USERNAME=itama
OS=Windows_NT
PROCESSOR_IDENTIFIER=Intel64 Family 6 Model 142 Stepping 9, GenuineIntel



---------------  S Y S T E M  ---------------

OS:
 Windows 10 , 64 bit Build 19041 (10.0.19041.3155)
OS uptime: 0 days 4:36 hours
Hyper-V role detected

CPU: total 4 (initial active 4) (2 cores per cpu, 2 threads per core) family 6 model 142 stepping 9 microcode 0xd6, cx8, cmov, fxsr, ht, mmx, 3dnowpref, sse, sse2, sse3, ssse3, sse4.1, sse4.2, popcnt, lzcnt, tsc, tscinvbit, avx, avx2, aes, erms, clmul, bmi1, bmi2, adx, fma, vzeroupper, clflush, clflushopt, hv

Memory: 4k page, system-wide physical 8057M (447M free)
TotalPageFile size 12153M (AvailPageFile size 5M)
current process WorkingSet (physical memory assigned to process): 339M, peak: 341M
current process commit charge ("private bytes"): 462M, peak: 465M

vm_info: Java HotSpot(TM) 64-Bit Server VM (17.0.8+9-LTS-211) for windows-amd64 JRE (17.0.8+9-LTS-211), built on Jun 14 2023 10:34:31 by "mach5one" with MS VC++ 17.1 (VS2022)

END.
